;  LST file generated by mikroListExporter - v.2.0 
; Date/Time: 9/24/2011 8:33:37 PM
;----------------------------------------------

;Address Opcode 	ASM
0x0000	0xF002EFEF  	GOTO        1502
0x0004	0x0000      	NOP
0x0006	0x0000      	NOP
0x0008	0xF000EF00  	GOTO        0
0x000C	0x0000      	NOP
0x000E	0x0000      	NOP
0x0010	0x0000      	NOP
0x0012	0x0000      	NOP
0x0014	0x0000      	NOP
0x0016	0x0000      	NOP
0x0018	0xD7F3      	BRA         0
_Mul_16x16_U:
;__Lib_Math.c,429 :: 		
;__Lib_Math.c,436 :: 		
0x001C	0x6A0B      	CLRF        R11, 0
;__Lib_Math.c,437 :: 		
0x001E	0x6A0A      	CLRF        R10, 0
;__Lib_Math.c,438 :: 		
0x0020	0x6A09      	CLRF        R9, 0
;__Lib_Math.c,439 :: 		
0x0022	0x5000      	MOVF        R0, 0, 0
;__Lib_Math.c,440 :: 		
0x0024	0x0204      	MULWF       R4, 0
;__Lib_Math.c,442 :: 		
0x0026	0xF009CFF4  	MOVFF       PRODH, R9
;__Lib_Math.c,443 :: 		
0x002A	0xF008CFF3  	MOVFF       PRODL, R8
;__Lib_Math.c,444 :: 		
0x002E	0x5001      	MOVF        R1, 0, 0
;__Lib_Math.c,445 :: 		
0x0030	0x0205      	MULWF       R5, 0
;__Lib_Math.c,447 :: 		
0x0032	0xF00BCFF4  	MOVFF       PRODH, R11
;__Lib_Math.c,448 :: 		
0x0036	0xF00ACFF3  	MOVFF       PRODL, R10
;__Lib_Math.c,449 :: 		
0x003A	0x5000      	MOVF        R0, 0, 0
;__Lib_Math.c,450 :: 		
0x003C	0x0205      	MULWF       R5, 0
;__Lib_Math.c,452 :: 		
0x003E	0x50F3      	MOVF        PRODL, 0, 0
;__Lib_Math.c,453 :: 		
0x0040	0x2609      	ADDWF       R9, 1, 0
;__Lib_Math.c,454 :: 		
0x0042	0x50F4      	MOVF        PRODH, 0, 0
;__Lib_Math.c,455 :: 		
0x0044	0x220A      	ADDWFC      R10, 1, 0
;__Lib_Math.c,456 :: 		
0x0046	0x6AE8      	CLRF        WREG, 0
;__Lib_Math.c,457 :: 		
0x0048	0x220B      	ADDWFC      R11, 1, 0
;__Lib_Math.c,458 :: 		
0x004A	0x5001      	MOVF        R1, 0, 0
;__Lib_Math.c,459 :: 		
0x004C	0x0204      	MULWF       R4, 0
;__Lib_Math.c,461 :: 		
0x004E	0x50F3      	MOVF        PRODL, 0, 0
;__Lib_Math.c,462 :: 		
0x0050	0x2609      	ADDWF       R9, 1, 0
;__Lib_Math.c,463 :: 		
0x0052	0x50F4      	MOVF        PRODH, 0, 0
;__Lib_Math.c,464 :: 		
0x0054	0x220A      	ADDWFC      R10, 1, 0
;__Lib_Math.c,465 :: 		
0x0056	0x6AE8      	CLRF        WREG, 0
;__Lib_Math.c,466 :: 		
0x0058	0x220B      	ADDWFC      R11, 1, 0
;__Lib_Math.c,468 :: 		
0x005A	0xF000C008  	MOVFF       R8, R0
;__Lib_Math.c,469 :: 		
0x005E	0xF001C009  	MOVFF       R9, R1
;__Lib_Math.c,470 :: 		
0x0062	0xF002C00A  	MOVFF       R10, R2
;__Lib_Math.c,471 :: 		
0x0066	0xF003C00B  	MOVFF       R11, R3
;__Lib_Math.c,474 :: 		
0x006A	0x0012      	RETURN      0
; end of _Mul_16x16_U
_isdigit:
;__Lib_CType.c,23 :: 		
;__Lib_CType.c,24 :: 		
0x006C	0x5063      	MOVF        FARG_isdigit_character, 0 
0x006E	0x0839      	SUBLW       57
0x0070	0xE306      	BNC         L_isdigit9
0x0072	0x0E30      	MOVLW       48
0x0074	0x5C63      	SUBWF       FARG_isdigit_character, 0 
0x0076	0xE303      	BNC         L_isdigit9
0x0078	0x0E01      	MOVLW       1
0x007A	0x6E00      	MOVWF       R0 
0x007C	0xD001      	BRA         L_isdigit8
L_isdigit9:
0x007E	0x6A00      	CLRF        R0 
L_isdigit8:
;__Lib_CType.c,25 :: 		
0x0080	0x0012      	RETURN      0
; end of _isdigit
_UART1_Write:
;__Lib_UART_c67.c,59 :: 		
;__Lib_UART_c67.c,60 :: 		
L_UART1_Write3:
0x0082	0xB2AC      	BTFSC       TXSTA, 1 
0x0084	0xD002      	BRA         L_UART1_Write4
;__Lib_UART_c67.c,61 :: 		
0x0086	0x0000      	NOP
0x0088	0xD7FC      	BRA         L_UART1_Write3
L_UART1_Write4:
;__Lib_UART_c67.c,62 :: 		
0x008A	0xFFADC063  	MOVFF       FARG_UART1_Write_data_, TXREG
;__Lib_UART_c67.c,63 :: 		
0x008E	0x0012      	RETURN      0
; end of _UART1_Write
_memset:
;__Lib_CString.c,84 :: 		
;__Lib_CString.c,87 :: 		
0x0090	0xF002C05B  	MOVFF       FARG_memset_p1, R2
0x0094	0xF003C05C  	MOVFF       FARG_memset_p1+1, R3
;__Lib_CString.c,88 :: 		
L_memset18:
0x0098	0xF000C05E  	MOVFF       FARG_memset_n, R0
0x009C	0xF001C05F  	MOVFF       FARG_memset_n+1, R1
0x00A0	0x0E01      	MOVLW       1
0x00A2	0x5E5E      	SUBWF       FARG_memset_n, 1 
0x00A4	0x0E00      	MOVLW       0
0x00A6	0x5A5F      	SUBWFB      FARG_memset_n+1, 1 
0x00A8	0x5000      	MOVF        R0, 0 
0x00AA	0x1001      	IORWF       R1, 0 
0x00AC	0xE009      	BZ          L_memset19
;__Lib_CString.c,89 :: 		
0x00AE	0xFFE1C002  	MOVFF       R2, FSR1L
0x00B2	0xFFE2C003  	MOVFF       R3, FSR1H
0x00B6	0xFFE6C05D  	MOVFF       FARG_memset_character, POSTINC1
0x00BA	0x4A02      	INFSNZ      R2, 1 
0x00BC	0x2A03      	INCF        R3, 1 
0x00BE	0xD7EC      	BRA         L_memset18
L_memset19:
;__Lib_CString.c,90 :: 		
0x00C0	0xF000C05B  	MOVFF       FARG_memset_p1, R0
0x00C4	0xF001C05C  	MOVFF       FARG_memset_p1+1, R1
;__Lib_CString.c,91 :: 		
0x00C8	0x0012      	RETURN      0
; end of _memset
_UART1_Write_Text:
0x00CA	0x6A5D      	CLRF        UART1_Write_Text_counter_L0 
;__Lib_UART_c67.c,67 :: 		
;__Lib_UART_c67.c,70 :: 		
0x00CC	0xFFE9C05B  	MOVFF       FARG_UART1_Write_Text_uart_text, FSR0L
0x00D0	0xFFEAC05C  	MOVFF       FARG_UART1_Write_Text_uart_text+1, FSR0H
0x00D4	0xF05ECFEE  	MOVFF       POSTINC0, UART1_Write_Text_data__L0
;__Lib_UART_c67.c,71 :: 		
L_UART1_Write_Text5:
0x00D8	0x505E      	MOVF        UART1_Write_Text_data__L0, 0 
0x00DA	0x0A00      	XORLW       0
0x00DC	0xE00D      	BZ          L_UART1_Write_Text6
;__Lib_UART_c67.c,72 :: 		
0x00DE	0xF063C05E  	MOVFF       UART1_Write_Text_data__L0, FARG_UART1_Write_data_
0x00E2	0xDFCF      	RCALL       _UART1_Write
;__Lib_UART_c67.c,73 :: 		
0x00E4	0x2A5D      	INCF        UART1_Write_Text_counter_L0, 1 
;__Lib_UART_c67.c,74 :: 		
0x00E6	0x505D      	MOVF        UART1_Write_Text_counter_L0, 0 
0x00E8	0x245B      	ADDWF       FARG_UART1_Write_Text_uart_text, 0 
0x00EA	0x6EE9      	MOVWF       FSR0L 
0x00EC	0x0E00      	MOVLW       0
0x00EE	0x205C      	ADDWFC      FARG_UART1_Write_Text_uart_text+1, 0 
0x00F0	0x6EEA      	MOVWF       FSR0H 
0x00F2	0xF05ECFEE  	MOVFF       POSTINC0, UART1_Write_Text_data__L0
;__Lib_UART_c67.c,75 :: 		
0x00F6	0xD7F0      	BRA         L_UART1_Write_Text5
L_UART1_Write_Text6:
;__Lib_UART_c67.c,76 :: 		
0x00F8	0x0012      	RETURN      0
; end of _UART1_Write_Text
_UART1_Tx_Idle:
;__Lib_UART_c67.c,53 :: 		
;__Lib_UART_c67.c,54 :: 		
0x00FA	0x0E00      	MOVLW       0
0x00FC	0xB2AC      	BTFSC       TXSTA, 1 
0x00FE	0x0E01      	MOVLW       1
0x0100	0x6E00      	MOVWF       R0 
;__Lib_UART_c67.c,55 :: 		
0x0102	0x0012      	RETURN      0
; end of _UART1_Tx_Idle
_UART1_Read:
;__Lib_UART_c67.c,40 :: 		
;__Lib_UART_c67.c,43 :: 		
0x0104	0xF045CFAE  	MOVFF       RCREG, ___tmp_UART1_Read
;__Lib_UART_c67.c,44 :: 		
0x0108	0xA2AB      	BTFSS       RCSTA, 1 
0x010A	0xD002      	BRA         L_UART1_Read2
;__Lib_UART_c67.c,45 :: 		
0x010C	0x98AB      	BCF         RCSTA, 4 
;__Lib_UART_c67.c,46 :: 		
0x010E	0x88AB      	BSF         RCSTA, 4 
;__Lib_UART_c67.c,47 :: 		
L_UART1_Read2:
;__Lib_UART_c67.c,48 :: 		
0x0110	0xF000C045  	MOVFF       ___tmp_UART1_Read, R0
;__Lib_UART_c67.c,49 :: 		
0x0114	0x0012      	RETURN      0
; end of _UART1_Read
_strncpy:
;__Lib_CString.c,174 :: 		
;__Lib_CString.c,177 :: 		
0x0116	0xF004C05B  	MOVFF       FARG_strncpy_to, R4
0x011A	0xF005C05C  	MOVFF       FARG_strncpy_to+1, R5
;__Lib_CString.c,178 :: 		
L_strncpy42:
0x011E	0x505F      	MOVF        FARG_strncpy_size, 0 
0x0120	0x1060      	IORWF       FARG_strncpy_size+1, 0 
0x0122	0xE024      	BZ          L_strncpy43
;__Lib_CString.c,179 :: 		
0x0124	0x0E01      	MOVLW       1
0x0126	0x5E5F      	SUBWF       FARG_strncpy_size, 1 
0x0128	0x0E00      	MOVLW       0
0x012A	0x5A60      	SUBWFB      FARG_strncpy_size+1, 1 
;__Lib_CString.c,181 :: 		
0x012C	0xF002C004  	MOVFF       R4, R2
0x0130	0xF003C005  	MOVFF       R5, R3
0x0134	0x4A04      	INFSNZ      R4, 1 
0x0136	0x2A05      	INCF        R5, 1 
0x0138	0xF000C05D  	MOVFF       FARG_strncpy_from, R0
0x013C	0xF001C05E  	MOVFF       FARG_strncpy_from+1, R1
0x0140	0x4A5D      	INFSNZ      FARG_strncpy_from, 1 
0x0142	0x2A5E      	INCF        FARG_strncpy_from+1, 1 
0x0144	0xFFE9C000  	MOVFF       R0, FSR0L
0x0148	0xFFEAC001  	MOVFF       R1, FSR0H
0x014C	0xFFE1C002  	MOVFF       R2, FSR1L
0x0150	0xFFE2C003  	MOVFF       R3, FSR1H
0x0154	0xFFE6CFEE  	MOVFF       POSTINC0, POSTINC1
0x0158	0xFFE9C002  	MOVFF       R2, FSR0L
0x015C	0xFFEAC003  	MOVFF       R3, FSR0H
0x0160	0xF000CFEE  	MOVFF       POSTINC0, R0
0x0164	0x5200      	MOVF        R0, 1 
0x0166	0xE101      	BNZ         L_strncpy44
;__Lib_CString.c,182 :: 		
0x0168	0xD001      	BRA         L_strncpy43
L_strncpy44:
;__Lib_CString.c,183 :: 		
0x016A	0xD7D9      	BRA         L_strncpy42
L_strncpy43:
;__Lib_CString.c,184 :: 		
L_strncpy45:
0x016C	0xF000C05F  	MOVFF       FARG_strncpy_size, R0
0x0170	0xF001C060  	MOVFF       FARG_strncpy_size+1, R1
0x0174	0x0E01      	MOVLW       1
0x0176	0x5E5F      	SUBWF       FARG_strncpy_size, 1 
0x0178	0x0E00      	MOVLW       0
0x017A	0x5A60      	SUBWFB      FARG_strncpy_size+1, 1 
0x017C	0x5000      	MOVF        R0, 0 
0x017E	0x1001      	IORWF       R1, 0 
0x0180	0xE008      	BZ          L_strncpy46
;__Lib_CString.c,185 :: 		
0x0182	0xFFE1C004  	MOVFF       R4, FSR1L
0x0186	0xFFE2C005  	MOVFF       R5, FSR1H
0x018A	0x6AE6      	CLRF        POSTINC1 
0x018C	0x4A04      	INFSNZ      R4, 1 
0x018E	0x2A05      	INCF        R5, 1 
0x0190	0xD7ED      	BRA         L_strncpy45
L_strncpy46:
;__Lib_CString.c,187 :: 		
0x0192	0xF000C05B  	MOVFF       FARG_strncpy_to, R0
0x0196	0xF001C05C  	MOVFF       FARG_strncpy_to+1, R1
;__Lib_CString.c,188 :: 		
0x019A	0x0012      	RETURN      0
; end of _strncpy
_strncat:
;__Lib_CString.c,156 :: 		
;__Lib_CString.c,159 :: 		
0x019C	0xF004C05B  	MOVFF       FARG_strncat_to, R4
0x01A0	0xF005C05C  	MOVFF       FARG_strncat_to+1, R5
;__Lib_CString.c,160 :: 		
L_strncat35:
0x01A4	0xFFE9C004  	MOVFF       R4, FSR0L
0x01A8	0xFFEAC005  	MOVFF       R5, FSR0H
0x01AC	0x52EE      	MOVF        POSTINC0, 1 
0x01AE	0xE003      	BZ          L_strncat36
;__Lib_CString.c,161 :: 		
0x01B0	0x4A04      	INFSNZ      R4, 1 
0x01B2	0x2A05      	INCF        R5, 1 
0x01B4	0xD7F7      	BRA         L_strncat35
L_strncat36:
;__Lib_CString.c,162 :: 		
L_strncat37:
0x01B6	0x505F      	MOVF        FARG_strncat_size, 0 
0x01B8	0x1060      	IORWF       FARG_strncat_size+1, 0 
0x01BA	0xE021      	BZ          L_strncat38
0x01BC	0xF002C004  	MOVFF       R4, R2
0x01C0	0xF003C005  	MOVFF       R5, R3
0x01C4	0x4A04      	INFSNZ      R4, 1 
0x01C6	0x2A05      	INCF        R5, 1 
0x01C8	0xF000C05D  	MOVFF       FARG_strncat_from, R0
0x01CC	0xF001C05E  	MOVFF       FARG_strncat_from+1, R1
0x01D0	0x4A5D      	INFSNZ      FARG_strncat_from, 1 
0x01D2	0x2A5E      	INCF        FARG_strncat_from+1, 1 
0x01D4	0xFFE9C000  	MOVFF       R0, FSR0L
0x01D8	0xFFEAC001  	MOVFF       R1, FSR0H
0x01DC	0xFFE1C002  	MOVFF       R2, FSR1L
0x01E0	0xFFE2C003  	MOVFF       R3, FSR1H
0x01E4	0xFFE6CFEE  	MOVFF       POSTINC0, POSTINC1
0x01E8	0xFFE9C002  	MOVFF       R2, FSR0L
0x01EC	0xFFEAC003  	MOVFF       R3, FSR0H
0x01F0	0x52EE      	MOVF        POSTINC0, 1 
0x01F2	0xE005      	BZ          L_strncat38
L__strncat73:
;__Lib_CString.c,163 :: 		
0x01F4	0x0E01      	MOVLW       1
0x01F6	0x5E5F      	SUBWF       FARG_strncat_size, 1 
0x01F8	0x0E00      	MOVLW       0
0x01FA	0x5A60      	SUBWFB      FARG_strncat_size+1, 1 
0x01FC	0xD7DC      	BRA         L_strncat37
L_strncat38:
;__Lib_CString.c,164 :: 		
0x01FE	0x0E00      	MOVLW       0
0x0200	0x1860      	XORWF       FARG_strncat_size+1, 0 
0x0202	0xE102      	BNZ         L__strncat81
0x0204	0x0E00      	MOVLW       0
0x0206	0x185F      	XORWF       FARG_strncat_size, 0 
L__strncat81:
0x0208	0xE105      	BNZ         L_strncat41
;__Lib_CString.c,165 :: 		
0x020A	0xFFE1C004  	MOVFF       R4, FSR1L
0x020E	0xFFE2C005  	MOVFF       R5, FSR1H
0x0212	0x6AE6      	CLRF        POSTINC1 
L_strncat41:
;__Lib_CString.c,167 :: 		
0x0214	0xF000C05B  	MOVFF       FARG_strncat_to, R0
0x0218	0xF001C05C  	MOVFF       FARG_strncat_to+1, R1
;__Lib_CString.c,168 :: 		
0x021C	0x0012      	RETURN      0
; end of _strncat
_atoi:
;__Lib_CStdlib.c,181 :: 		
;__Lib_CStdlib.c,186 :: 		
___atoi_skipws_atoi:
;__Lib_CStdlib.c,187 :: 		
0x021E	0xFFE9C05B  	MOVFF       FARG_atoi_s, FSR0L
0x0222	0xFFEAC05C  	MOVFF       FARG_atoi_s+1, FSR0H
0x0226	0xF05DCFEE  	MOVFF       POSTINC0, atoi_c_L0
0x022A	0x0E00      	MOVLW       0
0x022C	0x6E5E      	MOVWF       atoi_c_L0+1 
0x022E	0x0E00      	MOVLW       0
0x0230	0x6E5E      	MOVWF       atoi_c_L0+1 
;__Lib_CStdlib.c,188 :: 		
0x0232	0x0E00      	MOVLW       0
0x0234	0x185E      	XORWF       atoi_c_L0+1, 0 
0x0236	0xE102      	BNZ         L__atoi96
0x0238	0x0E20      	MOVLW       32
0x023A	0x185D      	XORWF       atoi_c_L0, 0 
L__atoi96:
0x023C	0xE007      	BZ          L__atoi90
0x023E	0x0E00      	MOVLW       0
0x0240	0x185E      	XORWF       atoi_c_L0+1, 0 
0x0242	0xE102      	BNZ         L__atoi97
0x0244	0x0E09      	MOVLW       9
0x0246	0x185D      	XORWF       atoi_c_L0, 0 
L__atoi97:
0x0248	0xE001      	BZ          L__atoi90
0x024A	0xD003      	BRA         L_atoi55
L__atoi90:
;__Lib_CStdlib.c,189 :: 		
0x024C	0x4A5B      	INFSNZ      FARG_atoi_s, 1 
0x024E	0x2A5C      	INCF        FARG_atoi_s+1, 1 
;__Lib_CStdlib.c,190 :: 		
0x0250	0xD7E6      	BRA         ___atoi_skipws_atoi
;__Lib_CStdlib.c,191 :: 		
L_atoi55:
;__Lib_CStdlib.c,192 :: 		
0x0252	0x6A5F      	CLRF        atoi_a_L0 
0x0254	0x6A60      	CLRF        atoi_a_L0+1 
;__Lib_CStdlib.c,193 :: 		
0x0256	0x6A61      	CLRF        atoi_sign_L0 
0x0258	0x6A62      	CLRF        atoi_sign_L0+1 
;__Lib_CStdlib.c,194 :: 		
0x025A	0x0E00      	MOVLW       0
0x025C	0x185E      	XORWF       atoi_c_L0+1, 0 
0x025E	0xE102      	BNZ         L__atoi98
0x0260	0x0E2D      	MOVLW       45
0x0262	0x185D      	XORWF       atoi_c_L0, 0 
L__atoi98:
0x0264	0xE105      	BNZ         L_atoi56
;__Lib_CStdlib.c,195 :: 		
0x0266	0x4A61      	INFSNZ      atoi_sign_L0, 1 
0x0268	0x2A62      	INCF        atoi_sign_L0+1, 1 
;__Lib_CStdlib.c,196 :: 		
0x026A	0x4A5B      	INFSNZ      FARG_atoi_s, 1 
0x026C	0x2A5C      	INCF        FARG_atoi_s+1, 1 
;__Lib_CStdlib.c,197 :: 		
0x026E	0xD008      	BRA         L_atoi57
L_atoi56:
;__Lib_CStdlib.c,199 :: 		
0x0270	0x0E00      	MOVLW       0
0x0272	0x185E      	XORWF       atoi_c_L0+1, 0 
0x0274	0xE102      	BNZ         L__atoi99
0x0276	0x0E2B      	MOVLW       43
0x0278	0x185D      	XORWF       atoi_c_L0, 0 
L__atoi99:
0x027A	0xE102      	BNZ         L_atoi58
;__Lib_CStdlib.c,200 :: 		
0x027C	0x4A5B      	INFSNZ      FARG_atoi_s, 1 
0x027E	0x2A5C      	INCF        FARG_atoi_s+1, 1 
L_atoi58:
L_atoi57:
;__Lib_CStdlib.c,201 :: 		
___atoi_conv_atoi:
;__Lib_CStdlib.c,202 :: 		
0x0280	0xFFE9C05B  	MOVFF       FARG_atoi_s, FSR0L
0x0284	0xFFEAC05C  	MOVFF       FARG_atoi_s+1, FSR0H
0x0288	0xF05DCFEE  	MOVFF       POSTINC0, atoi_c_L0
0x028C	0x0E00      	MOVLW       0
0x028E	0x6E5E      	MOVWF       atoi_c_L0+1 
0x0290	0x0E00      	MOVLW       0
0x0292	0x6E5E      	MOVWF       atoi_c_L0+1 
;__Lib_CStdlib.c,203 :: 		
0x0294	0xF063C05D  	MOVFF       atoi_c_L0, FARG_isdigit_character
0x0298	0xDEE9      	RCALL       _isdigit
0x029A	0x5200      	MOVF        R0, 1 
0x029C	0xE018      	BZ          L_atoi59
;__Lib_CStdlib.c,204 :: 		
0x029E	0xF000C05F  	MOVFF       atoi_a_L0, R0
0x02A2	0xF001C060  	MOVFF       atoi_a_L0+1, R1
0x02A6	0x0E0A      	MOVLW       10
0x02A8	0x6E04      	MOVWF       R4 
0x02AA	0x0E00      	MOVLW       0
0x02AC	0x6E05      	MOVWF       R5 
0x02AE	0xDEB6      	RCALL       _Mul_16x16_U
0x02B0	0x0E30      	MOVLW       48
0x02B2	0x5C5D      	SUBWF       atoi_c_L0, 0 
0x02B4	0x6E02      	MOVWF       R2 
0x02B6	0x0E00      	MOVLW       0
0x02B8	0x585E      	SUBWFB      atoi_c_L0+1, 0 
0x02BA	0x6E03      	MOVWF       R3 
0x02BC	0x5002      	MOVF        R2, 0 
0x02BE	0x2400      	ADDWF       R0, 0 
0x02C0	0x6E5F      	MOVWF       atoi_a_L0 
0x02C2	0x5003      	MOVF        R3, 0 
0x02C4	0x2001      	ADDWFC      R1, 0 
0x02C6	0x6E60      	MOVWF       atoi_a_L0+1 
;__Lib_CStdlib.c,205 :: 		
0x02C8	0x4A5B      	INFSNZ      FARG_atoi_s, 1 
0x02CA	0x2A5C      	INCF        FARG_atoi_s+1, 1 
;__Lib_CStdlib.c,206 :: 		
0x02CC	0xD7D9      	BRA         ___atoi_conv_atoi
;__Lib_CStdlib.c,207 :: 		
L_atoi59:
;__Lib_CStdlib.c,208 :: 		
0x02CE	0x5061      	MOVF        atoi_sign_L0, 0 
0x02D0	0x1062      	IORWF       atoi_sign_L0+1, 0 
0x02D2	0xE008      	BZ          L_atoi60
;__Lib_CStdlib.c,209 :: 		
0x02D4	0x505F      	MOVF        atoi_a_L0, 0 
0x02D6	0x0800      	SUBLW       0
0x02D8	0x6E00      	MOVWF       R0 
0x02DA	0xF001C060  	MOVFF       atoi_a_L0+1, R1
0x02DE	0x0E00      	MOVLW       0
0x02E0	0x5601      	SUBFWB      R1, 1 
0x02E2	0x0012      	RETURN      0
L_atoi60:
;__Lib_CStdlib.c,210 :: 		
0x02E4	0xF000C05F  	MOVFF       atoi_a_L0, R0
0x02E8	0xF001C060  	MOVFF       atoi_a_L0+1, R1
;__Lib_CStdlib.c,211 :: 		
0x02EC	0x0012      	RETURN      0
; end of _atoi
_UART1_Data_Ready:
;__Lib_UART_c67.c,34 :: 		
;__Lib_UART_c67.c,35 :: 		
0x02EE	0x0E00      	MOVLW       0
0x02F0	0xBA9E      	BTFSC       PIR1, 5 
0x02F2	0x0E01      	MOVLW       1
0x02F4	0x6E00      	MOVWF       R0 
;__Lib_UART_c67.c,36 :: 		
0x02F6	0x0012      	RETURN      0
; end of _UART1_Data_Ready
_strcpy:
;__Lib_CString.c,134 :: 		
;__Lib_CString.c,137 :: 		
0x02F8	0xF004C053  	MOVFF       FARG_strcpy_to, R4
0x02FC	0xF005C054  	MOVFF       FARG_strcpy_to+1, R5
;__Lib_CString.c,138 :: 		
L_strcpy31:
0x0300	0xF002C004  	MOVFF       R4, R2
0x0304	0xF003C005  	MOVFF       R5, R3
0x0308	0x4A04      	INFSNZ      R4, 1 
0x030A	0x2A05      	INCF        R5, 1 
0x030C	0xF000C055  	MOVFF       FARG_strcpy_from, R0
0x0310	0xF001C056  	MOVFF       FARG_strcpy_from+1, R1
0x0314	0x4A55      	INFSNZ      FARG_strcpy_from, 1 
0x0316	0x2A56      	INCF        FARG_strcpy_from+1, 1 
0x0318	0xFFE9C000  	MOVFF       R0, FSR0L
0x031C	0xFFEAC001  	MOVFF       R1, FSR0H
0x0320	0xFFE1C002  	MOVFF       R2, FSR1L
0x0324	0xFFE2C003  	MOVFF       R3, FSR1H
0x0328	0xFFE6CFEE  	MOVFF       POSTINC0, POSTINC1
0x032C	0xFFE9C002  	MOVFF       R2, FSR0L
0x0330	0xFFEAC003  	MOVFF       R3, FSR0H
0x0334	0x52EE      	MOVF        POSTINC0, 1 
0x0336	0xE001      	BZ          L_strcpy32
;__Lib_CString.c,139 :: 		
0x0338	0xD7E3      	BRA         L_strcpy31
L_strcpy32:
;__Lib_CString.c,140 :: 		
0x033A	0xF000C053  	MOVFF       FARG_strcpy_to, R0
0x033E	0xF001C054  	MOVFF       FARG_strcpy_to+1, R1
;__Lib_CString.c,141 :: 		
0x0342	0x0012      	RETURN      0
; end of _strcpy
___CC2DW:
;__Lib_System.c,21 :: 		
;__Lib_System.c,23 :: 		
_CC2DL_Loop1:
;__Lib_System.c,24 :: 		
0x0344	0x0009      	TBLRD*+
;__Lib_System.c,25 :: 		
0x0346	0xFFE6CFF5  	MOVFF       TABLAT, POSTINC1
;__Lib_System.c,26 :: 		
0x034A	0x0600      	DECF        R0, 1, 0
;__Lib_System.c,27 :: 		
0x034C	0xE1FB      	BNZ         _CC2DL_Loop1
;__Lib_System.c,28 :: 		
0x034E	0x0601      	DECF        R1, 1, 0
;__Lib_System.c,29 :: 		
0x0350	0xE1F9      	BNZ         _CC2DL_Loop1
;__Lib_System.c,31 :: 		
0x0352	0x0012      	RETURN      0
; end of ___CC2DW
_Send:
;impressora3d.c,7 :: 		void Send(unsigned char* text)
;impressora3d.c,10 :: 		memset(buff,'\0',6);
0x0354	0x0E55      	MOVLW       Send_buff_L0
0x0356	0x6E5B      	MOVWF       FARG_memset_p1 
0x0358	0x0E00      	MOVLW       hi_addr(Send_buff_L0)
0x035A	0x6E5C      	MOVWF       FARG_memset_p1+1 
0x035C	0x6A5D      	CLRF        FARG_memset_character 
0x035E	0x0E06      	MOVLW       6
0x0360	0x6E5E      	MOVWF       FARG_memset_n 
0x0362	0x0E00      	MOVLW       0
0x0364	0x6E5F      	MOVWF       FARG_memset_n+1 
0x0366	0xDE94      	RCALL       _memset
;impressora3d.c,11 :: 		strncpy(buff,text,5);
0x0368	0x0E55      	MOVLW       Send_buff_L0
0x036A	0x6E5B      	MOVWF       FARG_strncpy_to 
0x036C	0x0E00      	MOVLW       hi_addr(Send_buff_L0)
0x036E	0x6E5C      	MOVWF       FARG_strncpy_to+1 
0x0370	0xF05DC053  	MOVFF       FARG_Send_text, FARG_strncpy_from
0x0374	0xF05EC054  	MOVFF       FARG_Send_text+1, FARG_strncpy_from+1
0x0378	0x0E05      	MOVLW       5
0x037A	0x6E5F      	MOVWF       FARG_strncpy_size 
0x037C	0x0E00      	MOVLW       0
0x037E	0x6E60      	MOVWF       FARG_strncpy_size+1 
0x0380	0xDECA      	RCALL       _strncpy
;impressora3d.c,12 :: 		strncat(buff,"f",1);
0x0382	0x0E55      	MOVLW       Send_buff_L0
0x0384	0x6E5B      	MOVWF       FARG_strncat_to 
0x0386	0x0E00      	MOVLW       hi_addr(Send_buff_L0)
0x0388	0x6E5C      	MOVWF       FARG_strncat_to+1 
0x038A	0x0E2C      	MOVLW       ?lstr1_impressora3d
0x038C	0x6E5D      	MOVWF       FARG_strncat_from 
0x038E	0x0E00      	MOVLW       hi_addr(?lstr1_impressora3d)
0x0390	0x6E5E      	MOVWF       FARG_strncat_from+1 
0x0392	0x0E01      	MOVLW       1
0x0394	0x6E5F      	MOVWF       FARG_strncat_size 
0x0396	0x0E00      	MOVLW       0
0x0398	0x6E60      	MOVWF       FARG_strncat_size+1 
0x039A	0xDF00      	RCALL       _strncat
;impressora3d.c,13 :: 		while (UART1_Tx_Idle() != 1) {
L_Send0:
0x039C	0xDEAE      	RCALL       _UART1_Tx_Idle
0x039E	0x5000      	MOVF        R0, 0 
0x03A0	0x0A01      	XORLW       1
0x03A2	0xE001      	BZ          L_Send1
;impressora3d.c,14 :: 		}
0x03A4	0xD7FB      	BRA         L_Send0
L_Send1:
;impressora3d.c,15 :: 		UART1_Write_Text(buff);
0x03A6	0x0E55      	MOVLW       Send_buff_L0
0x03A8	0x6E5B      	MOVWF       FARG_UART1_Write_Text_uart_text 
0x03AA	0x0E00      	MOVLW       hi_addr(Send_buff_L0)
0x03AC	0x6E5C      	MOVWF       FARG_UART1_Write_Text_uart_text+1 
0x03AE	0xDE8D      	RCALL       _UART1_Write_Text
;impressora3d.c,16 :: 		}
0x03B0	0x0012      	RETURN      0
; end of _Send
_UART1_Init:
;__Lib_UART_c67.c,15 :: 		
;__Lib_UART_c67.c,18 :: 		
0x03B2	0x0E82      	MOVLW       _UART1_Write
0x03B4	0x6E4A      	MOVWF       _UART_Wr_Ptr 
0x03B6	0x0E00      	MOVLW       hi_addr(_UART1_Write)
0x03B8	0x6E4B      	MOVWF       _UART_Wr_Ptr+1 
0x03BA	0x0E63      	MOVLW       FARG_UART1_Write_data_
0x03BC	0x6E4C      	MOVWF       _UART_Wr_Ptr+2 
0x03BE	0x0E00      	MOVLW       hi_addr(FARG_UART1_Write_data_)
0x03C0	0x6E4D      	MOVWF       _UART_Wr_Ptr+3 
;__Lib_UART_c67.c,19 :: 		
0x03C2	0x0E04      	MOVLW       _UART1_Read
0x03C4	0x6E46      	MOVWF       _UART_Rd_Ptr 
0x03C6	0x0E01      	MOVLW       hi_addr(_UART1_Read)
0x03C8	0x6E47      	MOVWF       _UART_Rd_Ptr+1 
0x03CA	0x0E00      	MOVLW       0
0x03CC	0x6E48      	MOVWF       _UART_Rd_Ptr+2 
0x03CE	0x0E00      	MOVLW       0
0x03D0	0x6E49      	MOVWF       _UART_Rd_Ptr+3 
;__Lib_UART_c67.c,20 :: 		
0x03D2	0x0EEE      	MOVLW       _UART1_Data_Ready
0x03D4	0x6E3D      	MOVWF       _UART_Rdy_Ptr 
0x03D6	0x0E02      	MOVLW       hi_addr(_UART1_Data_Ready)
0x03D8	0x6E3E      	MOVWF       _UART_Rdy_Ptr+1 
0x03DA	0x0E00      	MOVLW       0
0x03DC	0x6E3F      	MOVWF       _UART_Rdy_Ptr+2 
0x03DE	0x0E00      	MOVLW       0
0x03E0	0x6E40      	MOVWF       _UART_Rdy_Ptr+3 
;__Lib_UART_c67.c,21 :: 		
0x03E2	0x0EFA      	MOVLW       _UART1_Tx_Idle
0x03E4	0x6E41      	MOVWF       _UART_Tx_Idle_Ptr 
0x03E6	0x0E00      	MOVLW       hi_addr(_UART1_Tx_Idle)
0x03E8	0x6E42      	MOVWF       _UART_Tx_Idle_Ptr+1 
0x03EA	0x0E00      	MOVLW       0
0x03EC	0x6E43      	MOVWF       _UART_Tx_Idle_Ptr+2 
0x03EE	0x0E00      	MOVLW       0
0x03F0	0x6E44      	MOVWF       _UART_Tx_Idle_Ptr+3 
;__Lib_UART_c67.c,23 :: 		
0x03F2	0x8AAC      	BSF         TXSTA, 5 
;__Lib_UART_c67.c,24 :: 		
0x03F4	0x0E90      	MOVLW       144
0x03F6	0x6EAB      	MOVWF       RCSTA 
;__Lib_UART_c67.c,25 :: 		
0x03F8	0x8E94      	BSF         TRISC7_bit, 7 
;__Lib_UART_c67.c,26 :: 		
0x03FA	0x9C94      	BCF         TRISC6_bit, 6 
;__Lib_UART_c67.c,28 :: 		
L_UART1_Init0:
0x03FC	0xAA9E      	BTFSS       PIR1, 5 
0x03FE	0xD003      	BRA         L_UART1_Init1
;__Lib_UART_c67.c,29 :: 		
0x0400	0xF000CFAE  	MOVFF       RCREG, R0
0x0404	0xD7FB      	BRA         L_UART1_Init0
L_UART1_Init1:
;__Lib_UART_c67.c,30 :: 		
0x0406	0x0012      	RETURN      0
; end of _UART1_Init
_UART1_Read_Text:
0x0408	0x6A58      	CLRF        UART1_Read_Text_delim_idx_L0 
0x040A	0x6A59      	CLRF        UART1_Read_Text_out_idx_L0 
;__Lib_UART_c67.c,79 :: 		
;__Lib_UART_c67.c,82 :: 		
L_UART1_Read_Text7:
0x040C	0x5257      	MOVF        FARG_UART1_Read_Text_Attempts, 1 
0x040E	0xE03D      	BZ          L_UART1_Read_Text8
;__Lib_UART_c67.c,84 :: 		
0x0410	0x5057      	MOVF        FARG_UART1_Read_Text_Attempts, 0 
0x0412	0x0AFF      	XORLW       255
0x0414	0xE001      	BZ          L_UART1_Read_Text9
;__Lib_UART_c67.c,85 :: 		
0x0416	0x0657      	DECF        FARG_UART1_Read_Text_Attempts, 1 
L_UART1_Read_Text9:
;__Lib_UART_c67.c,87 :: 		
L_UART1_Read_Text10:
0x0418	0xDF6A      	RCALL       _UART1_Data_Ready
0x041A	0x5000      	MOVF        R0, 0 
0x041C	0x0A00      	XORLW       0
0x041E	0xE101      	BNZ         L_UART1_Read_Text11
;__Lib_UART_c67.c,88 :: 		
0x0420	0xD7FB      	BRA         L_UART1_Read_Text10
L_UART1_Read_Text11:
;__Lib_UART_c67.c,90 :: 		
0x0422	0xDE70      	RCALL       _UART1_Read
0x0424	0xF05AC000  	MOVFF       R0, UART1_Read_Text_r_data_L0
;__Lib_UART_c67.c,91 :: 		
0x0428	0x5059      	MOVF        UART1_Read_Text_out_idx_L0, 0 
0x042A	0x2453      	ADDWF       FARG_UART1_Read_Text_Output, 0 
0x042C	0x6EE1      	MOVWF       FSR1L 
0x042E	0x0E00      	MOVLW       0
0x0430	0x2054      	ADDWFC      FARG_UART1_Read_Text_Output+1, 0 
0x0432	0x6EE2      	MOVWF       FSR1H 
0x0434	0xFFE6C000  	MOVFF       R0, POSTINC1
0x0438	0x2A59      	INCF        UART1_Read_Text_out_idx_L0, 1 
;__Lib_UART_c67.c,92 :: 		
0x043A	0x5058      	MOVF        UART1_Read_Text_delim_idx_L0, 0 
0x043C	0x2455      	ADDWF       FARG_UART1_Read_Text_Delimiter, 0 
0x043E	0x6EE9      	MOVWF       FSR0L 
0x0440	0x0E00      	MOVLW       0
0x0442	0x2056      	ADDWFC      FARG_UART1_Read_Text_Delimiter+1, 0 
0x0444	0x6EEA      	MOVWF       FSR0H 
0x0446	0xF001CFEE  	MOVFF       POSTINC0, R1
0x044A	0x5001      	MOVF        R1, 0 
0x044C	0x185A      	XORWF       UART1_Read_Text_r_data_L0, 0 
0x044E	0xE102      	BNZ         L_UART1_Read_Text12
;__Lib_UART_c67.c,93 :: 		
0x0450	0x2A58      	INCF        UART1_Read_Text_delim_idx_L0, 1 
;__Lib_UART_c67.c,94 :: 		
0x0452	0xD001      	BRA         L_UART1_Read_Text13
L_UART1_Read_Text12:
;__Lib_UART_c67.c,96 :: 		
0x0454	0x6A58      	CLRF        UART1_Read_Text_delim_idx_L0 
;__Lib_UART_c67.c,97 :: 		
L_UART1_Read_Text13:
;__Lib_UART_c67.c,99 :: 		
0x0456	0x5058      	MOVF        UART1_Read_Text_delim_idx_L0, 0 
0x0458	0x2455      	ADDWF       FARG_UART1_Read_Text_Delimiter, 0 
0x045A	0x6EE9      	MOVWF       FSR0L 
0x045C	0x0E00      	MOVLW       0
0x045E	0x2056      	ADDWFC      FARG_UART1_Read_Text_Delimiter+1, 0 
0x0460	0x6EEA      	MOVWF       FSR0H 
0x0462	0xF001CFEE  	MOVFF       POSTINC0, R1
0x0466	0x5001      	MOVF        R1, 0 
0x0468	0x0A00      	XORLW       0
0x046A	0xE10E      	BNZ         L_UART1_Read_Text14
;__Lib_UART_c67.c,100 :: 		
0x046C	0x5058      	MOVF        UART1_Read_Text_delim_idx_L0, 0 
0x046E	0x5C59      	SUBWF       UART1_Read_Text_out_idx_L0, 0 
0x0470	0x6E00      	MOVWF       R0 
0x0472	0x6A01      	CLRF        R1 
0x0474	0x0E00      	MOVLW       0
0x0476	0x5A01      	SUBWFB      R1, 1 
0x0478	0x5000      	MOVF        R0, 0 
0x047A	0x2453      	ADDWF       FARG_UART1_Read_Text_Output, 0 
0x047C	0x6EE1      	MOVWF       FSR1L 
0x047E	0x5001      	MOVF        R1, 0 
0x0480	0x2054      	ADDWFC      FARG_UART1_Read_Text_Output+1, 0 
0x0482	0x6EE2      	MOVWF       FSR1H 
0x0484	0x6AE6      	CLRF        POSTINC1 
;__Lib_UART_c67.c,101 :: 		
0x0486	0x0012      	RETURN      0
;__Lib_UART_c67.c,102 :: 		
L_UART1_Read_Text14:
;__Lib_UART_c67.c,104 :: 		
0x0488	0xD7C1      	BRA         L_UART1_Read_Text7
L_UART1_Read_Text8:
;__Lib_UART_c67.c,105 :: 		
0x048A	0xFFE1C053  	MOVFF       FARG_UART1_Read_Text_Output, FSR1L
0x048E	0xFFE2C054  	MOVFF       FARG_UART1_Read_Text_Output+1, FSR1H
0x0492	0x6AE6      	CLRF        POSTINC1 
;__Lib_UART_c67.c,106 :: 		
0x0494	0x0012      	RETURN      0
; end of _UART1_Read_Text
_strcmp:
;__Lib_CString.c,123 :: 		
;__Lib_CString.c,125 :: 		
L_strcmp27:
0x0496	0xFFE9C053  	MOVFF       FARG_strcmp_s1, FSR0L
0x049A	0xFFEAC054  	MOVFF       FARG_strcmp_s1+1, FSR0H
0x049E	0x52EE      	MOVF        POSTINC0, 1 
0x04A0	0xE014      	BZ          L_strcmp28
0x04A2	0xFFE9C053  	MOVFF       FARG_strcmp_s1, FSR0L
0x04A6	0xFFEAC054  	MOVFF       FARG_strcmp_s1+1, FSR0H
0x04AA	0xF002CFEE  	MOVFF       POSTINC0, R2
0x04AE	0xFFE9C055  	MOVFF       FARG_strcmp_s2, FSR0L
0x04B2	0xFFEAC056  	MOVFF       FARG_strcmp_s2+1, FSR0H
0x04B6	0xF001CFEE  	MOVFF       POSTINC0, R1
0x04BA	0x5002      	MOVF        R2, 0 
0x04BC	0x1801      	XORWF       R1, 0 
0x04BE	0xE105      	BNZ         L_strcmp28
L__strcmp72:
;__Lib_CString.c,126 :: 		
0x04C0	0x4A53      	INFSNZ      FARG_strcmp_s1, 1 
0x04C2	0x2A54      	INCF        FARG_strcmp_s1+1, 1 
0x04C4	0x4A55      	INFSNZ      FARG_strcmp_s2, 1 
0x04C6	0x2A56      	INCF        FARG_strcmp_s2+1, 1 
0x04C8	0xD7E6      	BRA         L_strcmp27
L_strcmp28:
;__Lib_CString.c,128 :: 		
0x04CA	0xFFE9C053  	MOVFF       FARG_strcmp_s1, FSR0L
0x04CE	0xFFEAC054  	MOVFF       FARG_strcmp_s1+1, FSR0H
0x04D2	0xFFD9C055  	MOVFF       FARG_strcmp_s2, FSR2L
0x04D6	0xFFDAC056  	MOVFF       FARG_strcmp_s2+1, FSR2H
0x04DA	0x50DE      	MOVF        POSTINC2, 0 
0x04DC	0x5CEE      	SUBWF       POSTINC0, 0 
0x04DE	0x6E00      	MOVWF       R0 
0x04E0	0x6A01      	CLRF        R1 
0x04E2	0x0E00      	MOVLW       0
0x04E4	0x5A01      	SUBWFB      R1, 1 
;__Lib_CString.c,129 :: 		
0x04E6	0x0012      	RETURN      0
; end of _strcmp
_strlen:
;__Lib_CString.c,144 :: 		
;__Lib_CString.c,147 :: 		
0x04E8	0xF002C053  	MOVFF       FARG_strlen_s, R2
0x04EC	0xF003C054  	MOVFF       FARG_strlen_s+1, R3
;__Lib_CString.c,148 :: 		
L_strlen33:
0x04F0	0xF000C002  	MOVFF       R2, R0
0x04F4	0xF001C003  	MOVFF       R3, R1
0x04F8	0x4A02      	INFSNZ      R2, 1 
0x04FA	0x2A03      	INCF        R3, 1 
0x04FC	0xFFE9C000  	MOVFF       R0, FSR0L
0x0500	0xFFEAC001  	MOVFF       R1, FSR0H
0x0504	0x52EE      	MOVF        POSTINC0, 1 
0x0506	0xE001      	BZ          L_strlen34
;__Lib_CString.c,149 :: 		
0x0508	0xD7F3      	BRA         L_strlen33
L_strlen34:
;__Lib_CString.c,150 :: 		
0x050A	0x5053      	MOVF        FARG_strlen_s, 0 
0x050C	0x5C02      	SUBWF       R2, 0 
0x050E	0x6E00      	MOVWF       R0 
0x0510	0x5054      	MOVF        FARG_strlen_s+1, 0 
0x0512	0x5803      	SUBWFB      R3, 0 
0x0514	0x6E01      	MOVWF       R1 
0x0516	0x0E01      	MOVLW       1
0x0518	0x5E00      	SUBWF       R0, 1 
0x051A	0x0E00      	MOVLW       0
0x051C	0x5A01      	SUBWFB      R1, 1 
;__Lib_CString.c,151 :: 		
0x051E	0x0012      	RETURN      0
; end of _strlen
_protocol:
;impressora3d.c,18 :: 		void protocol(char* prot)
;impressora3d.c,22 :: 		strncpy(tmp,prot,4);
0x0520	0x0E55      	MOVLW       protocol_tmp_L0
0x0522	0x6E5B      	MOVWF       FARG_strncpy_to 
0x0524	0x0E00      	MOVLW       hi_addr(protocol_tmp_L0)
0x0526	0x6E5C      	MOVWF       FARG_strncpy_to+1 
0x0528	0xF05DC053  	MOVFF       FARG_protocol_prot, FARG_strncpy_from
0x052C	0xF05EC054  	MOVFF       FARG_protocol_prot+1, FARG_strncpy_from+1
0x0530	0x0E04      	MOVLW       4
0x0532	0x6E5F      	MOVWF       FARG_strncpy_size 
0x0534	0x0E00      	MOVLW       0
0x0536	0x6E60      	MOVWF       FARG_strncpy_size+1 
0x0538	0xDDEE      	RCALL       _strncpy
;impressora3d.c,24 :: 		if(prot[4]=='X')
0x053A	0x0E04      	MOVLW       4
0x053C	0x2453      	ADDWF       FARG_protocol_prot, 0 
0x053E	0x6EE9      	MOVWF       FSR0L 
0x0540	0x0E00      	MOVLW       0
0x0542	0x2054      	ADDWFC      FARG_protocol_prot+1, 0 
0x0544	0x6EEA      	MOVWF       FSR0H 
0x0546	0xF001CFEE  	MOVFF       POSTINC0, R1
0x054A	0x5001      	MOVF        R1, 0 
0x054C	0x0A58      	XORLW       88
0x054E	0xE10A      	BNZ         L_protocol2
;impressora3d.c,26 :: 		Xtarget = atoi(tmp);
0x0550	0x0E55      	MOVLW       protocol_tmp_L0
0x0552	0x6E5B      	MOVWF       FARG_atoi_s 
0x0554	0x0E00      	MOVLW       hi_addr(protocol_tmp_L0)
0x0556	0x6E5C      	MOVWF       FARG_atoi_s+1 
0x0558	0xDE62      	RCALL       _atoi
0x055A	0xF031C000  	MOVFF       R0, _Xtarget
0x055E	0xF032C001  	MOVFF       R1, _Xtarget+1
;impressora3d.c,27 :: 		}
0x0562	0xD03C      	BRA         L_protocol3
L_protocol2:
;impressora3d.c,28 :: 		else if(prot[4]=='Y')
0x0564	0x0E04      	MOVLW       4
0x0566	0x2453      	ADDWF       FARG_protocol_prot, 0 
0x0568	0x6EE9      	MOVWF       FSR0L 
0x056A	0x0E00      	MOVLW       0
0x056C	0x2054      	ADDWFC      FARG_protocol_prot+1, 0 
0x056E	0x6EEA      	MOVWF       FSR0H 
0x0570	0xF001CFEE  	MOVFF       POSTINC0, R1
0x0574	0x5001      	MOVF        R1, 0 
0x0576	0x0A59      	XORLW       89
0x0578	0xE10A      	BNZ         L_protocol4
;impressora3d.c,30 :: 		Ytarget = atoi(tmp);
0x057A	0x0E55      	MOVLW       protocol_tmp_L0
0x057C	0x6E5B      	MOVWF       FARG_atoi_s 
0x057E	0x0E00      	MOVLW       hi_addr(protocol_tmp_L0)
0x0580	0x6E5C      	MOVWF       FARG_atoi_s+1 
0x0582	0xDE4D      	RCALL       _atoi
0x0584	0xF033C000  	MOVFF       R0, _Ytarget
0x0588	0xF034C001  	MOVFF       R1, _Ytarget+1
;impressora3d.c,31 :: 		}
0x058C	0xD027      	BRA         L_protocol5
L_protocol4:
;impressora3d.c,32 :: 		else if(prot[4]=='Z')
0x058E	0x0E04      	MOVLW       4
0x0590	0x2453      	ADDWF       FARG_protocol_prot, 0 
0x0592	0x6EE9      	MOVWF       FSR0L 
0x0594	0x0E00      	MOVLW       0
0x0596	0x2054      	ADDWFC      FARG_protocol_prot+1, 0 
0x0598	0x6EEA      	MOVWF       FSR0H 
0x059A	0xF001CFEE  	MOVFF       POSTINC0, R1
0x059E	0x5001      	MOVF        R1, 0 
0x05A0	0x0A5A      	XORLW       90
0x05A2	0xE10A      	BNZ         L_protocol6
;impressora3d.c,34 :: 		Ztarget = atoi(tmp);
0x05A4	0x0E55      	MOVLW       protocol_tmp_L0
0x05A6	0x6E5B      	MOVWF       FARG_atoi_s 
0x05A8	0x0E00      	MOVLW       hi_addr(protocol_tmp_L0)
0x05AA	0x6E5C      	MOVWF       FARG_atoi_s+1 
0x05AC	0xDE38      	RCALL       _atoi
0x05AE	0xF02EC000  	MOVFF       R0, _Ztarget
0x05B2	0xF02FC001  	MOVFF       R1, _Ztarget+1
;impressora3d.c,35 :: 		}
0x05B6	0xD012      	BRA         L_protocol7
L_protocol6:
;impressora3d.c,36 :: 		else if(prot[4]=='B')
0x05B8	0x0E04      	MOVLW       4
0x05BA	0x2453      	ADDWF       FARG_protocol_prot, 0 
0x05BC	0x6EE9      	MOVWF       FSR0L 
0x05BE	0x0E00      	MOVLW       0
0x05C0	0x2054      	ADDWFC      FARG_protocol_prot+1, 0 
0x05C2	0x6EEA      	MOVWF       FSR0H 
0x05C4	0xF001CFEE  	MOVFF       POSTINC0, R1
0x05C8	0x5001      	MOVF        R1, 0 
0x05CA	0x0A42      	XORLW       66
0x05CC	0xE107      	BNZ         L_protocol8
;impressora3d.c,38 :: 		broca = atoi(tmp);
0x05CE	0x0E55      	MOVLW       protocol_tmp_L0
0x05D0	0x6E5B      	MOVWF       FARG_atoi_s 
0x05D2	0x0E00      	MOVLW       hi_addr(protocol_tmp_L0)
0x05D4	0x6E5C      	MOVWF       FARG_atoi_s+1 
0x05D6	0xDE23      	RCALL       _atoi
0x05D8	0xF030C000  	MOVFF       R0, _broca
;impressora3d.c,39 :: 		}
L_protocol8:
L_protocol7:
L_protocol5:
L_protocol3:
;impressora3d.c,40 :: 		}
0x05DC	0x0012      	RETURN      0
; end of _protocol
_main:
;impressora3d.c,42 :: 		void main()
;impressora3d.c,45 :: 		TRISB = 0;
0x05DE	0xF004EC6E  	CALL        2268, 0
0x05E2	0x6A93      	CLRF        TRISB 
;impressora3d.c,46 :: 		TRISD = 0;
0x05E4	0x6A95      	CLRF        TRISD 
;impressora3d.c,47 :: 		PORTB = 0;
0x05E6	0x6A81      	CLRF        PORTB 
;impressora3d.c,48 :: 		PORTD = 0;
0x05E8	0x6A83      	CLRF        PORTD 
;impressora3d.c,49 :: 		Xatual = 0;Yatual = 0;Zatual = 0;
0x05EA	0x6A21      	CLRF        _Xatual 
0x05EC	0x6A22      	CLRF        _Xatual+1 
0x05EE	0x6A23      	CLRF        _Yatual 
0x05F0	0x6A24      	CLRF        _Yatual+1 
0x05F2	0x6A25      	CLRF        _Zatual 
0x05F4	0x6A26      	CLRF        _Zatual+1 
;impressora3d.c,50 :: 		Xtarget = 0;Ytarget = 0;Ztarget = 0;
0x05F6	0x6A31      	CLRF        _Xtarget 
0x05F8	0x6A32      	CLRF        _Xtarget+1 
0x05FA	0x6A33      	CLRF        _Ytarget 
0x05FC	0x6A34      	CLRF        _Ytarget+1 
0x05FE	0x6A2E      	CLRF        _Ztarget 
0x0600	0x6A2F      	CLRF        _Ztarget+1 
;impressora3d.c,51 :: 		X = 1;Y = 1;ZE = 16;
0x0602	0x0E01      	MOVLW       1
0x0604	0x6E1F      	MOVWF       _X 
0x0606	0x0E00      	MOVLW       0
0x0608	0x6E20      	MOVWF       _X+1 
0x060A	0x0E01      	MOVLW       1
0x060C	0x6E15      	MOVWF       _Y 
0x060E	0x0E00      	MOVLW       0
0x0610	0x6E16      	MOVWF       _Y+1 
0x0612	0x0E10      	MOVLW       16
0x0614	0x6E17      	MOVWF       _ZE 
0x0616	0x0E00      	MOVLW       0
0x0618	0x6E18      	MOVWF       _ZE+1 
;impressora3d.c,52 :: 		broca = 0;
0x061A	0x6A30      	CLRF        _broca 
;impressora3d.c,54 :: 		UART1_init(9600);// Initialize UART module at 9600 bps
0x061C	0x0E81      	MOVLW       129
0x061E	0x6EAF      	MOVWF       SPBRG 
0x0620	0x84AC      	BSF         TXSTA, 2, 0
0x0622	0xDEC7      	RCALL       _UART1_Init
;impressora3d.c,55 :: 		Delay_ms(100);
0x0624	0x0E03      	MOVLW       3
0x0626	0x6E0B      	MOVWF       R11, 0
0x0628	0x0E8A      	MOVLW       138
0x062A	0x6E0C      	MOVWF       R12, 0
0x062C	0x0E55      	MOVLW       85
0x062E	0x6E0D      	MOVWF       R13, 0
L_main9:
0x0630	0x2E0D      	DECFSZ      R13, 1, 0
0x0632	0xD7FE      	BRA         L_main9
0x0634	0x2E0C      	DECFSZ      R12, 1, 0
0x0636	0xD7FC      	BRA         L_main9
0x0638	0x2E0B      	DECFSZ      R11, 1, 0
0x063A	0xD7FA      	BRA         L_main9
0x063C	0x0000      	NOP
0x063E	0x0000      	NOP
;impressora3d.c,56 :: 		Send("Ready");
0x0640	0x0E19      	MOVLW       ?lstr2_impressora3d
0x0642	0x6E53      	MOVWF       FARG_Send_text 
0x0644	0x0E00      	MOVLW       hi_addr(?lstr2_impressora3d)
0x0646	0x6E54      	MOVWF       FARG_Send_text+1 
0x0648	0xDE85      	RCALL       _Send
;impressora3d.c,57 :: 		while (1)
L_main10:
;impressora3d.c,59 :: 		if (UART1_Data_Ready())
0x064A	0xDE51      	RCALL       _UART1_Data_Ready
0x064C	0x5200      	MOVF        R0, 1 
0x064E	0xE040      	BZ          L_main12
;impressora3d.c,61 :: 		memset(recebido,'\0',8);
0x0650	0x0E35      	MOVLW       _recebido
0x0652	0x6E5B      	MOVWF       FARG_memset_p1 
0x0654	0x0E00      	MOVLW       hi_addr(_recebido)
0x0656	0x6E5C      	MOVWF       FARG_memset_p1+1 
0x0658	0x6A5D      	CLRF        FARG_memset_character 
0x065A	0x0E08      	MOVLW       8
0x065C	0x6E5E      	MOVWF       FARG_memset_n 
0x065E	0x0E00      	MOVLW       0
0x0660	0x6E5F      	MOVWF       FARG_memset_n+1 
0x0662	0xDD16      	RCALL       _memset
;impressora3d.c,62 :: 		UART1_Read_Text(recebido,"f",8);
0x0664	0x0E35      	MOVLW       _recebido
0x0666	0x6E53      	MOVWF       FARG_UART1_Read_Text_Output 
0x0668	0x0E00      	MOVLW       hi_addr(_recebido)
0x066A	0x6E54      	MOVWF       FARG_UART1_Read_Text_Output+1 
0x066C	0x0E27      	MOVLW       ?lstr3_impressora3d
0x066E	0x6E55      	MOVWF       FARG_UART1_Read_Text_Delimiter 
0x0670	0x0E00      	MOVLW       hi_addr(?lstr3_impressora3d)
0x0672	0x6E56      	MOVWF       FARG_UART1_Read_Text_Delimiter+1 
0x0674	0x0E08      	MOVLW       8
0x0676	0x6E57      	MOVWF       FARG_UART1_Read_Text_Attempts 
0x0678	0xDEC7      	RCALL       _UART1_Read_Text
;impressora3d.c,63 :: 		Send(recebido);
0x067A	0x0E35      	MOVLW       _recebido
0x067C	0x6E53      	MOVWF       FARG_Send_text 
0x067E	0x0E00      	MOVLW       hi_addr(_recebido)
0x0680	0x6E54      	MOVWF       FARG_Send_text+1 
0x0682	0xDE68      	RCALL       _Send
;impressora3d.c,64 :: 		if(!strcmp(recebido,"OK"))
0x0684	0x0E35      	MOVLW       _recebido
0x0686	0x6E53      	MOVWF       FARG_strcmp_s1 
0x0688	0x0E00      	MOVLW       hi_addr(_recebido)
0x068A	0x6E54      	MOVWF       FARG_strcmp_s1+1 
0x068C	0x0E29      	MOVLW       ?lstr4_impressora3d
0x068E	0x6E55      	MOVWF       FARG_strcmp_s2 
0x0690	0x0E00      	MOVLW       hi_addr(?lstr4_impressora3d)
0x0692	0x6E56      	MOVWF       FARG_strcmp_s2+1 
0x0694	0xDF00      	RCALL       _strcmp
0x0696	0x5000      	MOVF        R0, 0 
0x0698	0x1001      	IORWF       R1, 0 
0x069A	0xE106      	BNZ         L_main13
;impressora3d.c,66 :: 		protocol(proc);
0x069C	0x0E4E      	MOVLW       main_proc_L0
0x069E	0x6E53      	MOVWF       FARG_protocol_prot 
0x06A0	0x0E00      	MOVLW       hi_addr(main_proc_L0)
0x06A2	0x6E54      	MOVWF       FARG_protocol_prot+1 
0x06A4	0xDF3D      	RCALL       _protocol
;impressora3d.c,67 :: 		}
0x06A6	0xD014      	BRA         L_main14
L_main13:
;impressora3d.c,68 :: 		else if(strlen(recebido)==5)
0x06A8	0x0E35      	MOVLW       _recebido
0x06AA	0x6E53      	MOVWF       FARG_strlen_s 
0x06AC	0x0E00      	MOVLW       hi_addr(_recebido)
0x06AE	0x6E54      	MOVWF       FARG_strlen_s+1 
0x06B0	0xDF1B      	RCALL       _strlen
0x06B2	0x0E00      	MOVLW       0
0x06B4	0x1801      	XORWF       R1, 0 
0x06B6	0xE102      	BNZ         L__main38
0x06B8	0x0E05      	MOVLW       5
0x06BA	0x1800      	XORWF       R0, 0 
L__main38:
0x06BC	0xE109      	BNZ         L_main15
;impressora3d.c,70 :: 		strcpy(proc,recebido);
0x06BE	0x0E4E      	MOVLW       main_proc_L0
0x06C0	0x6E53      	MOVWF       FARG_strcpy_to 
0x06C2	0x0E00      	MOVLW       hi_addr(main_proc_L0)
0x06C4	0x6E54      	MOVWF       FARG_strcpy_to+1 
0x06C6	0x0E35      	MOVLW       _recebido
0x06C8	0x6E55      	MOVWF       FARG_strcpy_from 
0x06CA	0x0E00      	MOVLW       hi_addr(_recebido)
0x06CC	0x6E56      	MOVWF       FARG_strcpy_from+1 
0x06CE	0xDE14      	RCALL       _strcpy
;impressora3d.c,71 :: 		}
L_main15:
L_main14:
;impressora3d.c,72 :: 		}
L_main12:
;impressora3d.c,73 :: 		if(Xatual>Xtarget)
0x06D0	0x5022      	MOVF        _Xatual+1, 0 
0x06D2	0x5C32      	SUBWF       _Xtarget+1, 0 
0x06D4	0xE102      	BNZ         L__main39
0x06D6	0x5021      	MOVF        _Xatual, 0 
0x06D8	0x5C31      	SUBWF       _Xtarget, 0 
L__main39:
0x06DA	0xE221      	BC          L_main16
;impressora3d.c,75 :: 		Xatual--;
0x06DC	0x0E01      	MOVLW       1
0x06DE	0x5E21      	SUBWF       _Xatual, 1 
0x06E0	0x0E00      	MOVLW       0
0x06E2	0x5A22      	SUBWFB      _Xatual+1, 1 
;impressora3d.c,76 :: 		X = (X==1)?8:X/2;
0x06E4	0x0E00      	MOVLW       0
0x06E6	0x1820      	XORWF       _X+1, 0 
0x06E8	0xE102      	BNZ         L__main40
0x06EA	0x0E01      	MOVLW       1
0x06EC	0x181F      	XORWF       _X, 0 
L__main40:
0x06EE	0xE105      	BNZ         L_main17
0x06F0	0x0E08      	MOVLW       8
0x06F2	0x6E03      	MOVWF       R3 
0x06F4	0x0E00      	MOVLW       0
0x06F6	0x6E04      	MOVWF       R4 
0x06F8	0xD00D      	BRA         L_main18
L_main17:
0x06FA	0xF000C01F  	MOVFF       _X, R0
0x06FE	0xF001C020  	MOVFF       _X+1, R1
0x0702	0x3201      	RRCF        R1, 1 
0x0704	0x3200      	RRCF        R0, 1 
0x0706	0x9E01      	BCF         R1, 7 
0x0708	0xBC01      	BTFSC       R1, 6 
0x070A	0x8E01      	BSF         R1, 7 
0x070C	0xF003C000  	MOVFF       R0, R3
0x0710	0xF004C001  	MOVFF       R1, R4
L_main18:
0x0714	0xF01FC003  	MOVFF       R3, _X
0x0718	0xF020C004  	MOVFF       R4, _X+1
;impressora3d.c,77 :: 		}
0x071C	0xD022      	BRA         L_main19
L_main16:
;impressora3d.c,78 :: 		else if(Xatual<Xtarget)
0x071E	0x5032      	MOVF        _Xtarget+1, 0 
0x0720	0x5C22      	SUBWF       _Xatual+1, 0 
0x0722	0xE102      	BNZ         L__main41
0x0724	0x5031      	MOVF        _Xtarget, 0 
0x0726	0x5C21      	SUBWF       _Xatual, 0 
L__main41:
0x0728	0xE21C      	BC          L_main20
;impressora3d.c,80 :: 		Xatual++;
0x072A	0x4A21      	INFSNZ      _Xatual, 1 
0x072C	0x2A22      	INCF        _Xatual+1, 1 
;impressora3d.c,81 :: 		X = (X==8)?1:X*2;
0x072E	0x0E00      	MOVLW       0
0x0730	0x1820      	XORWF       _X+1, 0 
0x0732	0xE102      	BNZ         L__main42
0x0734	0x0E08      	MOVLW       8
0x0736	0x181F      	XORWF       _X, 0 
L__main42:
0x0738	0xE105      	BNZ         L_main21
0x073A	0x0E01      	MOVLW       1
0x073C	0x6E03      	MOVWF       R3 
0x073E	0x0E00      	MOVLW       0
0x0740	0x6E04      	MOVWF       R4 
0x0742	0xD00B      	BRA         L_main22
L_main21:
0x0744	0xF000C01F  	MOVFF       _X, R0
0x0748	0xF001C020  	MOVFF       _X+1, R1
0x074C	0x3600      	RLCF        R0, 1 
0x074E	0x9000      	BCF         R0, 0 
0x0750	0x3601      	RLCF        R1, 1 
0x0752	0xF003C000  	MOVFF       R0, R3
0x0756	0xF004C001  	MOVFF       R1, R4
L_main22:
0x075A	0xF01FC003  	MOVFF       R3, _X
0x075E	0xF020C004  	MOVFF       R4, _X+1
;impressora3d.c,82 :: 		}
L_main20:
L_main19:
;impressora3d.c,84 :: 		if(Zatual>Ztarget)
0x0762	0x5026      	MOVF        _Zatual+1, 0 
0x0764	0x5C2F      	SUBWF       _Ztarget+1, 0 
0x0766	0xE102      	BNZ         L__main43
0x0768	0x5025      	MOVF        _Zatual, 0 
0x076A	0x5C2E      	SUBWF       _Ztarget, 0 
L__main43:
0x076C	0xE221      	BC          L_main23
;impressora3d.c,86 :: 		Zatual--;
0x076E	0x0E01      	MOVLW       1
0x0770	0x5E25      	SUBWF       _Zatual, 1 
0x0772	0x0E00      	MOVLW       0
0x0774	0x5A26      	SUBWFB      _Zatual+1, 1 
;impressora3d.c,87 :: 		ZE = (ZE==16)?128:ZE/2;
0x0776	0x0E00      	MOVLW       0
0x0778	0x1818      	XORWF       _ZE+1, 0 
0x077A	0xE102      	BNZ         L__main44
0x077C	0x0E10      	MOVLW       16
0x077E	0x1817      	XORWF       _ZE, 0 
L__main44:
0x0780	0xE105      	BNZ         L_main24
0x0782	0x0E80      	MOVLW       128
0x0784	0x6E03      	MOVWF       R3 
0x0786	0x0E00      	MOVLW       0
0x0788	0x6E04      	MOVWF       R4 
0x078A	0xD00D      	BRA         L_main25
L_main24:
0x078C	0xF000C017  	MOVFF       _ZE, R0
0x0790	0xF001C018  	MOVFF       _ZE+1, R1
0x0794	0x3201      	RRCF        R1, 1 
0x0796	0x3200      	RRCF        R0, 1 
0x0798	0x9E01      	BCF         R1, 7 
0x079A	0xBC01      	BTFSC       R1, 6 
0x079C	0x8E01      	BSF         R1, 7 
0x079E	0xF003C000  	MOVFF       R0, R3
0x07A2	0xF004C001  	MOVFF       R1, R4
L_main25:
0x07A6	0xF017C003  	MOVFF       R3, _ZE
0x07AA	0xF018C004  	MOVFF       R4, _ZE+1
;impressora3d.c,88 :: 		}
0x07AE	0xD022      	BRA         L_main26
L_main23:
;impressora3d.c,89 :: 		else if(Zatual<Ztarget)
0x07B0	0x502F      	MOVF        _Ztarget+1, 0 
0x07B2	0x5C26      	SUBWF       _Zatual+1, 0 
0x07B4	0xE102      	BNZ         L__main45
0x07B6	0x502E      	MOVF        _Ztarget, 0 
0x07B8	0x5C25      	SUBWF       _Zatual, 0 
L__main45:
0x07BA	0xE21C      	BC          L_main27
;impressora3d.c,91 :: 		Zatual++;
0x07BC	0x4A25      	INFSNZ      _Zatual, 1 
0x07BE	0x2A26      	INCF        _Zatual+1, 1 
;impressora3d.c,92 :: 		ZE = (ZE==128)?16:ZE*2;
0x07C0	0x0E00      	MOVLW       0
0x07C2	0x1818      	XORWF       _ZE+1, 0 
0x07C4	0xE102      	BNZ         L__main46
0x07C6	0x0E80      	MOVLW       128
0x07C8	0x1817      	XORWF       _ZE, 0 
L__main46:
0x07CA	0xE105      	BNZ         L_main28
0x07CC	0x0E10      	MOVLW       16
0x07CE	0x6E03      	MOVWF       R3 
0x07D0	0x0E00      	MOVLW       0
0x07D2	0x6E04      	MOVWF       R4 
0x07D4	0xD00B      	BRA         L_main29
L_main28:
0x07D6	0xF000C017  	MOVFF       _ZE, R0
0x07DA	0xF001C018  	MOVFF       _ZE+1, R1
0x07DE	0x3600      	RLCF        R0, 1 
0x07E0	0x9000      	BCF         R0, 0 
0x07E2	0x3601      	RLCF        R1, 1 
0x07E4	0xF003C000  	MOVFF       R0, R3
0x07E8	0xF004C001  	MOVFF       R1, R4
L_main29:
0x07EC	0xF017C003  	MOVFF       R3, _ZE
0x07F0	0xF018C004  	MOVFF       R4, _ZE+1
;impressora3d.c,93 :: 		}
L_main27:
L_main26:
;impressora3d.c,95 :: 		if(Yatual>Ytarget)
0x07F4	0x5024      	MOVF        _Yatual+1, 0 
0x07F6	0x5C34      	SUBWF       _Ytarget+1, 0 
0x07F8	0xE102      	BNZ         L__main47
0x07FA	0x5023      	MOVF        _Yatual, 0 
0x07FC	0x5C33      	SUBWF       _Ytarget, 0 
L__main47:
0x07FE	0xE21F      	BC          L_main30
;impressora3d.c,97 :: 		Yatual--;
0x0800	0x0E01      	MOVLW       1
0x0802	0x5E23      	SUBWF       _Yatual, 1 
0x0804	0x0E00      	MOVLW       0
0x0806	0x5A24      	SUBWFB      _Yatual+1, 1 
;impressora3d.c,98 :: 		Y = (Y==8)?1:Y*2;
0x0808	0x0E00      	MOVLW       0
0x080A	0x1816      	XORWF       _Y+1, 0 
0x080C	0xE102      	BNZ         L__main48
0x080E	0x0E08      	MOVLW       8
0x0810	0x1815      	XORWF       _Y, 0 
L__main48:
0x0812	0xE105      	BNZ         L_main31
0x0814	0x0E01      	MOVLW       1
0x0816	0x6E03      	MOVWF       R3 
0x0818	0x0E00      	MOVLW       0
0x081A	0x6E04      	MOVWF       R4 
0x081C	0xD00B      	BRA         L_main32
L_main31:
0x081E	0xF000C015  	MOVFF       _Y, R0
0x0822	0xF001C016  	MOVFF       _Y+1, R1
0x0826	0x3600      	RLCF        R0, 1 
0x0828	0x9000      	BCF         R0, 0 
0x082A	0x3601      	RLCF        R1, 1 
0x082C	0xF003C000  	MOVFF       R0, R3
0x0830	0xF004C001  	MOVFF       R1, R4
L_main32:
0x0834	0xF015C003  	MOVFF       R3, _Y
0x0838	0xF016C004  	MOVFF       R4, _Y+1
;impressora3d.c,99 :: 		}
0x083C	0xD024      	BRA         L_main33
L_main30:
;impressora3d.c,100 :: 		else if(Yatual<Ytarget)
0x083E	0x5034      	MOVF        _Ytarget+1, 0 
0x0840	0x5C24      	SUBWF       _Yatual+1, 0 
0x0842	0xE102      	BNZ         L__main49
0x0844	0x5033      	MOVF        _Ytarget, 0 
0x0846	0x5C23      	SUBWF       _Yatual, 0 
L__main49:
0x0848	0xE21E      	BC          L_main34
;impressora3d.c,102 :: 		++Yatual;
0x084A	0x4A23      	INFSNZ      _Yatual, 1 
0x084C	0x2A24      	INCF        _Yatual+1, 1 
;impressora3d.c,103 :: 		Y = (Y==1)?8:Y/2;
0x084E	0x0E00      	MOVLW       0
0x0850	0x1816      	XORWF       _Y+1, 0 
0x0852	0xE102      	BNZ         L__main50
0x0854	0x0E01      	MOVLW       1
0x0856	0x1815      	XORWF       _Y, 0 
L__main50:
0x0858	0xE105      	BNZ         L_main35
0x085A	0x0E08      	MOVLW       8
0x085C	0x6E03      	MOVWF       R3 
0x085E	0x0E00      	MOVLW       0
0x0860	0x6E04      	MOVWF       R4 
0x0862	0xD00D      	BRA         L_main36
L_main35:
0x0864	0xF000C015  	MOVFF       _Y, R0
0x0868	0xF001C016  	MOVFF       _Y+1, R1
0x086C	0x3201      	RRCF        R1, 1 
0x086E	0x3200      	RRCF        R0, 1 
0x0870	0x9E01      	BCF         R1, 7 
0x0872	0xBC01      	BTFSC       R1, 6 
0x0874	0x8E01      	BSF         R1, 7 
0x0876	0xF003C000  	MOVFF       R0, R3
0x087A	0xF004C001  	MOVFF       R1, R4
L_main36:
0x087E	0xF015C003  	MOVFF       R3, _Y
0x0882	0xF016C004  	MOVFF       R4, _Y+1
;impressora3d.c,104 :: 		}
L_main34:
L_main33:
;impressora3d.c,106 :: 		PORTB = X + ZE;
0x0886	0x5017      	MOVF        _ZE, 0 
0x0888	0x241F      	ADDWF       _X, 0 
0x088A	0x6E81      	MOVWF       PORTB 
;impressora3d.c,107 :: 		PORTD = broca * 16 + Y;
0x088C	0x0E04      	MOVLW       4
0x088E	0x6E01      	MOVWF       R1 
0x0890	0xF000C030  	MOVFF       _broca, R0
0x0894	0x5001      	MOVF        R1, 0 
L__main51:
0x0896	0xE004      	BZ          L__main52
0x0898	0x3600      	RLCF        R0, 1 
0x089A	0x9000      	BCF         R0, 0 
0x089C	0x0FFF      	ADDLW       255
0x089E	0xD7FB      	BRA         L__main51
L__main52:
0x08A0	0x5015      	MOVF        _Y, 0 
0x08A2	0x2400      	ADDWF       R0, 0 
0x08A4	0x6E83      	MOVWF       PORTD 
;impressora3d.c,108 :: 		Delay_ms(5);
0x08A6	0x0E21      	MOVLW       33
0x08A8	0x6E0C      	MOVWF       R12, 0
0x08AA	0x0E76      	MOVLW       118
0x08AC	0x6E0D      	MOVWF       R13, 0
L_main37:
0x08AE	0x2E0D      	DECFSZ      R13, 1, 0
0x08B0	0xD7FE      	BRA         L_main37
0x08B2	0x2E0C      	DECFSZ      R12, 1, 0
0x08B4	0xD7FC      	BRA         L_main37
0x08B6	0x0000      	NOP
;impressora3d.c,109 :: 		}
0x08B8	0xD6C8      	BRA         L_main10
;impressora3d.c,110 :: 		}
0x08BA	0xD7FF      	BRA         $+0
; end of _main
0x08DC	0xF015EE10  	LFSR        1, 21
0x08E0	0x0E20      	MOVLW       32
0x08E2	0x6E00      	MOVWF       R0 
0x08E4	0x0E01      	MOVLW       1
0x08E6	0x6E01      	MOVWF       R1 
0x08E8	0x0EBC      	MOVLW       188
0x08EA	0x6EF6      	MOVWF       TBLPTRL 
0x08EC	0x0E08      	MOVLW       8
0x08EE	0x6EF7      	MOVWF       TBLPTRH 
0x08F0	0x0E00      	MOVLW       0
0x08F2	0x6EF8      	MOVWF       TBLPTRU 
0x08F4	0xF001ECA2  	CALL        836, 0
0x08F8	0x0012      	RETURN      0
;impressora3d.c,0 :: ?ICS_Y
0x08BC	0x0001 ;?ICS_Y+0
; end of ?ICS_Y
;impressora3d.c,0 :: ?ICS_ZE
0x08BE	0x0010 ;?ICS_ZE+0
; end of ?ICS_ZE
;impressora3d.c,0 :: ?ICS?lstr2_impressora3d
0x08C0	0x6552 ;?ICS?lstr2_impressora3d+0
0x08C2	0x6461 ;?ICS?lstr2_impressora3d+2
0x08C4	0x0079 ;?ICS?lstr2_impressora3d+4
; end of ?ICS?lstr2_impressora3d
;impressora3d.c,0 :: ?ICS_X
0x08C6	0x0001 ;?ICS_X+0
; end of ?ICS_X
;impressora3d.c,0 :: ?ICS_Xatual
0x08C8	0x0000 ;?ICS_Xatual+0
; end of ?ICS_Xatual
;impressora3d.c,0 :: ?ICS_Yatual
0x08CA	0x0000 ;?ICS_Yatual+0
; end of ?ICS_Yatual
;impressora3d.c,0 :: ?ICS_Zatual
0x08CC	0x0000 ;?ICS_Zatual+0
; end of ?ICS_Zatual
;impressora3d.c,0 :: ?ICS?lstr3_impressora3d
0x08CE	0x0066 ;?ICS?lstr3_impressora3d+0
; end of ?ICS?lstr3_impressora3d
;impressora3d.c,0 :: ?ICS?lstr4_impressora3d
0x08D0	0x4B4F ;?ICS?lstr4_impressora3d+0
0x08D2	0x00 ;?ICS?lstr4_impressora3d+2
; end of ?ICS?lstr4_impressora3d
;impressora3d.c,0 :: ?ICS?lstr1_impressora3d
0x08D3	0x0066 ;?ICS?lstr1_impressora3d+0
; end of ?ICS?lstr1_impressora3d
;impressora3d.c,0 :: ?ICS_Ztarget
0x08D5	0x0000 ;?ICS_Ztarget+0
; end of ?ICS_Ztarget
;impressora3d.c,0 :: ?ICS_broca
0x08D7	0x00 ;?ICS_broca+0
; end of ?ICS_broca
;impressora3d.c,0 :: ?ICS_Xtarget
0x08D8	0x0000 ;?ICS_Xtarget+0
; end of ?ICS_Xtarget
;impressora3d.c,0 :: ?ICS_Ytarget
0x08DA	0x0000 ;?ICS_Ytarget+0
; end of ?ICS_Ytarget
Symbol List:
//** Routines locations **
//ADDRESS    SIZE    PROCEDURE
//----------------------------------------------
0x001C      [80]    _Mul_16x16_U
0x006C      [22]    _isdigit
0x0082      [14]    _UART1_Write
0x0090      [58]    _memset
0x00CA      [48]    _UART1_Write_Text
0x00FA      [10]    _UART1_Tx_Idle
0x0104      [18]    _UART1_Read
0x0116     [134]    _strncpy
0x019C     [130]    _strncat
0x021E     [208]    _atoi
0x02EE      [10]    _UART1_Data_Ready
0x02F8      [76]    _strcpy
0x0344      [16]    ___CC2DW
0x0354      [94]    _Send
0x03B2      [86]    _UART1_Init
0x0408     [142]    _UART1_Read_Text
0x0496      [82]    _strcmp
0x04E8      [56]    _strlen
0x0520     [190]    _protocol
0x05DE     [734]    _main
//** Variables locations ** 
//ADDRESS    SIZE    VARIABLE
//----------------------------------------------
0x0000       [1]    UART1_Init_tmp_L0
0x0000       [1]    R0
0x0001       [1]    ispunct_rslt_L0
0x0001       [1]    R1
0x0002       [1]    R2
0x0002       [2]    memset_pp_L0
0x0002       [2]    strlen_cp_L0
0x0002       [2]    memchr_s_L0
0x0002       [2]    memcpy_dd_L0
0x0003       [1]    R3
0x0003       [2]    memmove_tt_L0
0x0004       [2]    strcat_cp_L0
0x0004       [2]    memcpy_ss_L0
0x0004       [2]    strncpy_cp_L0
0x0004       [2]    strncat_cp_L0
0x0004       [2]    strcpy_cp_L0
0x0004       [1]    R4
0x0005       [2]    memmove_ff_L0
0x0005       [1]    R5
0x0006       [1]    R6
0x0007       [1]    R7
0x0008       [1]    R8
0x0009       [1]    R9
0x000A       [1]    R10
0x000B       [1]    R11
0x000C       [1]    R12
0x000D       [1]    R13
0x000E       [1]    R14
0x000F       [1]    R15
0x0010       [1]    R16
0x0011       [1]    R17
0x0012       [1]    R18
0x0013       [1]    R19
0x0014       [1]    R20
0x0015       [2]    _Y
0x0015       [1]    ___Low_saveWREG
0x0016       [1]    ___Low_saveSTATUS
0x0017       [1]    ___Low_saveBSR
0x0017       [2]    _ZE
0x0019       [6]    ?lstr2_impressora3d
0x001F       [2]    _X
0x0021       [2]    _Xatual
0x0023       [2]    _Yatual
0x0025       [2]    _Zatual
0x0027       [2]    ?lstr3_impressora3d
0x0029       [3]    ?lstr4_impressora3d
0x002C       [2]    ?lstr1_impressora3d
0x002E       [2]    _Ztarget
0x0030       [1]    _broca
0x0031       [2]    _Xtarget
0x0033       [2]    _Ytarget
0x0035       [8]    _recebido
0x003D       [4]    _UART_Rdy_Ptr
0x0041       [4]    _UART_Tx_Idle_Ptr
0x0045       [1]    ___tmp_UART1_Read
0x0046       [4]    _UART_Rd_Ptr
0x004A       [4]    _UART_Wr_Ptr
0x004E       [5]    main_proc_L0
0x0053       [2]    FARG_UART1_Read_Text_Output
0x0053       [2]    FARG_Send_text
0x0053       [2]    FARG_protocol_prot
0x0053       [2]    FARG_strcmp_s1
0x0053       [2]    FARG_strlen_s
0x0053       [2]    FARG_strcpy_to
0x0055       [2]    FARG_strcmp_s2
0x0055       [2]    FARG_strcpy_from
0x0055       [6]    Send_buff_L0
0x0055       [4]    protocol_tmp_L0
0x0055       [2]    FARG_UART1_Read_Text_Delimiter
0x0057       [1]    FARG_UART1_Read_Text_Attempts
0x0058       [1]    UART1_Read_Text_delim_idx_L0
0x0059       [1]    UART1_Read_Text_out_idx_L0
0x005A       [1]    UART1_Read_Text_r_data_L0
0x005B       [2]    FARG_atoi_s
0x005B       [2]    FARG_UART1_Write_Text_uart_text
0x005B       [2]    FARG_strncat_to
0x005B       [2]    FARG_strncpy_to
0x005B       [2]    FARG_memset_p1
0x005D       [2]    atoi_c_L0
0x005D       [1]    FARG_memset_character
0x005D       [2]    FARG_strncpy_from
0x005D       [2]    FARG_strncat_from
0x005D       [1]    UART1_Write_Text_counter_L0
0x005E       [2]    FARG_memset_n
0x005E       [1]    UART1_Write_Text_data__L0
0x005F       [2]    atoi_a_L0
0x005F       [2]    FARG_strncat_size
0x005F       [2]    FARG_strncpy_size
0x0061       [2]    atoi_sign_L0
0x0063       [1]    FARG_UART1_Write_data_
0x0063       [1]    FARG_isdigit_character
0x0F80       [0]    RA6_bit
0x0F80       [1]    PORTA
0x0F80       [0]    RA4_bit
0x0F80       [0]    RA5_bit
0x0F80       [0]    RA3_bit
0x0F80       [0]    RA1_bit
0x0F80       [0]    RA0_bit
0x0F80       [0]    RA2_bit
0x0F81       [0]    RB6_bit
0x0F81       [0]    RB7_bit
0x0F81       [0]    RB4_bit
0x0F81       [0]    RB5_bit
0x0F81       [1]    PORTB
0x0F81       [0]    RB2_bit
0x0F81       [0]    RB3_bit
0x0F81       [0]    RB0_bit
0x0F81       [0]    RB1_bit
0x0F82       [0]    RC2_bit
0x0F82       [0]    RC0_bit
0x0F82       [0]    RC1_bit
0x0F82       [0]    RC3_bit
0x0F82       [0]    RC7_bit
0x0F82       [1]    PORTC
0x0F82       [0]    RC6_bit
0x0F82       [0]    RC4_bit
0x0F82       [0]    RC5_bit
0x0F83       [0]    RD5_bit
0x0F83       [0]    RD0_bit
0x0F83       [0]    RD2_bit
0x0F83       [0]    RD7_bit
0x0F83       [0]    RD1_bit
0x0F83       [0]    RD6_bit
0x0F83       [1]    PORTD
0x0F83       [0]    RD4_bit
0x0F83       [0]    RD3_bit
0x0F84       [1]    PORTE
0x0F84       [0]    RE1_bit
0x0F84       [0]    RE2_bit
0x0F84       [0]    RE0_bit
0x0F89       [0]    LATA4_bit
0x0F89       [0]    LATA2_bit
0x0F89       [0]    LATA1_bit
0x0F89       [0]    LATA0_bit
0x0F89       [0]    LATA3_bit
0x0F89       [1]    LATA
0x0F89       [0]    LATA6_bit
0x0F89       [0]    LATA5_bit
0x0F8A       [0]    LATB0_bit
0x0F8A       [0]    LATB1_bit
0x0F8A       [0]    LATB3_bit
0x0F8A       [1]    LATB
0x0F8A       [0]    LATB6_bit
0x0F8A       [0]    LATB7_bit
0x0F8A       [0]    LATB4_bit
0x0F8A       [0]    LATB2_bit
0x0F8A       [0]    LATB5_bit
0x0F8B       [0]    LATC7_bit
0x0F8B       [0]    LATC0_bit
0x0F8B       [1]    LATC
0x0F8B       [0]    LATC1_bit
0x0F8B       [0]    LATC6_bit
0x0F8B       [0]    LATC4_bit
0x0F8B       [0]    LATC3_bit
0x0F8B       [0]    LATC5_bit
0x0F8B       [0]    LATC2_bit
0x0F8C       [1]    LATD
0x0F8C       [0]    LATD5_bit
0x0F8C       [0]    LATD4_bit
0x0F8C       [0]    LATD7_bit
0x0F8C       [0]    LATD6_bit
0x0F8C       [0]    LATD3_bit
0x0F8C       [0]    LATD1_bit
0x0F8C       [0]    LATD0_bit
0x0F8C       [0]    LATD2_bit
0x0F8D       [1]    LATE
0x0F8D       [0]    LATE0_bit
0x0F8D       [0]    LATE1_bit
0x0F8D       [0]    LATE2_bit
0x0F92       [0]    TRISA0_bit
0x0F92       [0]    TRISA3_bit
0x0F92       [0]    TRISA4_bit
0x0F92       [1]    TRISA
0x0F92       [0]    TRISA5_bit
0x0F92       [0]    TRISA2_bit
0x0F92       [0]    TRISA1_bit
0x0F92       [0]    TRISA6_bit
0x0F93       [0]    TRISB2_bit
0x0F93       [0]    TRISB3_bit
0x0F93       [0]    TRISB1_bit
0x0F93       [1]    TRISB
0x0F93       [0]    TRISB0_bit
0x0F93       [0]    TRISB4_bit
0x0F93       [0]    TRISB5_bit
0x0F93       [0]    TRISB6_bit
0x0F93       [0]    TRISB7_bit
0x0F94       [0]    TRISC5_bit
0x0F94       [0]    TRISC0_bit
0x0F94       [0]    TRISC6_bit
0x0F94       [1]    TRISC
0x0F94       [0]    TRISC2_bit
0x0F94       [0]    TRISC3_bit
0x0F94       [0]    TRISC4_bit
0x0F94       [0]    TRISC1_bit
0x0F94       [0]    TRISC7_bit
0x0F95       [0]    TRISD3_bit
0x0F95       [1]    TRISD
0x0F95       [0]    TRISD2_bit
0x0F95       [0]    TRISD1_bit
0x0F95       [0]    TRISD5_bit
0x0F95       [0]    TRISD0_bit
0x0F95       [0]    TRISD6_bit
0x0F95       [0]    TRISD7_bit
0x0F95       [0]    TRISD4_bit
0x0F96       [1]    TRISE
0x0F96       [0]    PSPMODE_bit
0x0F96       [0]    OBF_TRISE_bit
0x0F96       [0]    IBOV_TRISE_bit
0x0F96       [0]    OBF_bit
0x0F96       [0]    IBF_TRISE_bit
0x0F96       [0]    IBF_bit
0x0F96       [0]    TRISE1_bit
0x0F96       [0]    TRISE0_bit
0x0F96       [0]    TRISE2_bit
0x0F96       [0]    PSPMODE_TRISE_bit
0x0F96       [0]    IBOV_bit
0x0F9D       [0]    SSPIE_bit
0x0F9D       [0]    TXIE_bit
0x0F9D       [0]    TMR2IE_bit
0x0F9D       [0]    CCP1IE_bit
0x0F9D       [0]    PSPIE_bit
0x0F9D       [1]    PIE1
0x0F9D       [0]    RCIE_bit
0x0F9D       [0]    ADIE_bit
0x0F9D       [0]    TMR1IE_bit
0x0F9E       [1]    PIR1
0x0F9E       [0]    SSPIF_bit
0x0F9E       [0]    CCP1IF_bit
0x0F9E       [0]    TXIF_bit
0x0F9E       [0]    ADIF_bit
0x0F9E       [0]    PSPIF_bit
0x0F9E       [0]    RCIF_bit
0x0F9E       [0]    TMR2IF_bit
0x0F9E       [0]    TMR1IF_bit
0x0F9F       [0]    SSPIP_bit
0x0F9F       [0]    TMR1IP_bit
0x0F9F       [0]    TXIP_bit
0x0F9F       [0]    RCIP_bit
0x0F9F       [0]    PSPIP_bit
0x0F9F       [0]    TMR2IP_bit
0x0F9F       [0]    ADIP_bit
0x0F9F       [0]    CCP1IP_bit
0x0F9F       [1]    IPR1
0x0FA0       [0]    CCP2IE_bit
0x0FA0       [0]    BCLIE_bit
0x0FA0       [0]    EEIE_bit
0x0FA0       [1]    PIE2
0x0FA0       [0]    TMR3IE_bit
0x0FA0       [0]    LVDIE_bit
0x0FA1       [0]    CCP2IF_bit
0x0FA1       [0]    TMR3IF_bit
0x0FA1       [0]    EEIF_bit
0x0FA1       [0]    BCLIF_bit
0x0FA1       [0]    LVDIF_bit
0x0FA1       [1]    PIR2
0x0FA2       [0]    CCP2IP_bit
0x0FA2       [1]    IPR2
0x0FA2       [0]    TMR3IP_bit
0x0FA2       [0]    EEIP_bit
0x0FA2       [0]    BCLIP_bit
0x0FA2       [0]    LVDIP_bit
0x0FA6       [0]    WREN_bit
0x0FA6       [0]    WR_bit
0x0FA6       [0]    RD_bit
0x0FA6       [0]    WRERR_bit
0x0FA6       [0]    EEPGD_bit
0x0FA6       [1]    EECON1
0x0FA6       [0]    FREE_bit
0x0FA6       [0]    CFGS_bit
0x0FA7       [1]    EECON2
0x0FA8       [1]    EEDATA
0x0FA9       [1]    EEADR
0x0FAB       [0]    NOT_RC8_bit
0x0FAB       [0]    RC8_9_bit
0x0FAB       [0]    SREN_bit
0x0FAB       [0]    SPEN_bit
0x0FAB       [0]    RX9_bit
0x0FAB       [0]    RC9_bit
0x0FAB       [0]    CREN_bit
0x0FAB       [0]    RX9D_bit
0x0FAB       [0]    RCD8_bit
0x0FAB       [1]    RCSTA
0x0FAB       [0]    ADDEN_bit
0x0FAB       [0]    FERR_bit
0x0FAB       [0]    OERR_bit
0x0FAC       [0]    NOT_TX8_bit
0x0FAC       [0]    TX8_9_bit
0x0FAC       [0]    TX9_bit
0x0FAC       [1]    TXSTA
0x0FAC       [0]    CSRC_bit
0x0FAC       [0]    TXEN_bit
0x0FAC       [0]    TX9D_bit
0x0FAC       [0]    TXD8_bit
0x0FAC       [0]    TRMT_bit
0x0FAC       [0]    SYNC_bit
0x0FAC       [0]    BRGH_bit
0x0FAD       [1]    TXREG
0x0FAE       [1]    RCREG
0x0FAF       [1]    SPBRG
0x0FB1       [0]    T3CCP2_bit
0x0FB1       [0]    RD16_T3CON_bit
0x0FB1       [1]    T3CON
0x0FB1       [0]    T3CKPS1_bit
0x0FB1       [0]    T3INSYNC_bit
0x0FB1       [0]    TMR3CS_bit
0x0FB1       [0]    TMR3ON_bit
0x0FB1       [0]    T3SYNC_bit
0x0FB1       [0]    T3CKPS0_bit
0x0FB1       [0]    T3CCP1_bit
0x0FB1       [0]    NOT_T3SYNC_bit
0x0FB2       [1]    TMR3L
0x0FB3       [1]    TMR3H
0x0FBA       [1]    CCP2CON
0x0FBA       [0]    CCP2M2_bit
0x0FBA       [0]    CCP2M3_bit
0x0FBA       [0]    CCP2M0_bit
0x0FBA       [0]    CCP2M1_bit
0x0FBA       [0]    CCP2X_bit
0x0FBA       [0]    DC2B1_bit
0x0FBA       [0]    CCP2Y_bit
0x0FBA       [0]    DC2B0_bit
0x0FBB       [1]    CCPR2L
0x0FBC       [1]    CCPR2H
0x0FBD       [0]    CCP1M1_bit
0x0FBD       [0]    CCP1M0_bit
0x0FBD       [1]    CCP1CON
0x0FBD       [0]    CCP1M2_bit
0x0FBD       [0]    CCP1X_bit
0x0FBD       [0]    DC1B1_bit
0x0FBD       [0]    DC1B0_bit
0x0FBD       [0]    CCP1M3_bit
0x0FBD       [0]    CCP1Y_bit
0x0FBE       [1]    CCPR1L
0x0FBF       [1]    CCPR1H
0x0FC1       [1]    ADCON1
0x0FC1       [0]    ADFM_bit
0x0FC1       [0]    ADCS2_bit
0x0FC1       [0]    PCFG2_bit
0x0FC1       [0]    PCFG3_bit
0x0FC1       [0]    PCFG0_bit
0x0FC1       [0]    PCFG1_bit
0x0FC2       [0]    NOT_DONE_bit
0x0FC2       [0]    GO_bit
0x0FC2       [0]    CHS0_bit
0x0FC2       [0]    DONE_bit
0x0FC2       [1]    ADCON0
0x0FC2       [0]    ADON_bit
0x0FC2       [0]    GO_DONE_bit
0x0FC2       [0]    ADCS0_bit
0x0FC2       [0]    ADCS1_bit
0x0FC2       [0]    CHS1_bit
0x0FC2       [0]    CHS2_bit
0x0FC3       [1]    ADRESL
0x0FC4       [1]    ADRESH
0x0FC5       [0]    ACKDT_bit
0x0FC5       [0]    ACKEN_bit
0x0FC5       [1]    SSPCON2
0x0FC5       [0]    RCEN_bit
0x0FC5       [0]    ACKSTAT_bit
0x0FC5       [0]    PEN_bit
0x0FC5       [0]    RSEN_bit
0x0FC5       [0]    GCEN_bit
0x0FC5       [0]    SEN_bit
0x0FC6       [0]    SSPOV_bit
0x0FC6       [0]    WCOL_bit
0x0FC6       [0]    SSPEN_bit
0x0FC6       [0]    SSPM3_bit
0x0FC6       [0]    CKP_bit
0x0FC6       [0]    SSPM0_bit
0x0FC6       [1]    SSPCON1
0x0FC6       [0]    SSPM1_bit
0x0FC6       [0]    SSPM2_bit
0x0FC7       [0]    D_bit
0x0FC7       [0]    I2C_DAT_bit
0x0FC7       [0]    CKE_bit
0x0FC7       [1]    SSPSTAT
0x0FC7       [0]    SMP_bit
0x0FC7       [0]    NOT_W_bit
0x0FC7       [0]    NOT_WRITE_bit
0x0FC7       [0]    R_bit
0x0FC7       [0]    I2C_READ_bit
0x0FC7       [0]    UA_bit
0x0FC7       [0]    BF_bit
0x0FC7       [0]    R_W_bit
0x0FC7       [0]    READ_WRITE_bit
0x0FC7       [0]    D_A_bit
0x0FC7       [0]    DATA_ADDRESS_bit
0x0FC7       [0]    NOT_A_bit
0x0FC7       [0]    NOT_ADDRESS_bit
0x0FC7       [0]    S_bit
0x0FC7       [0]    I2C_START__bit
0x0FC7       [0]    P_bit
0x0FC7       [0]    I2C_STOP__bit
0x0FC8       [1]    SSPADD
0x0FC9       [1]    SSPBUF
0x0FCA       [1]    T2CON
0x0FCA       [0]    TOUTPS1_bit
0x0FCA       [0]    TOUTPS2_bit
0x0FCA       [0]    TOUTPS3_bit
0x0FCA       [0]    TOUTPS0_bit
0x0FCA       [0]    T2CKPS0_bit
0x0FCA       [0]    T2CKPS1_bit
0x0FCA       [0]    TMR2ON_bit
0x0FCB       [1]    PR2
0x0FCC       [1]    TMR2
0x0FCD       [0]    T1OSCEN_bit
0x0FCD       [0]    NOT_T1SYNC_bit
0x0FCD       [0]    TMR1CS_bit
0x0FCD       [0]    TMR1ON_bit
0x0FCD       [0]    T1SYNC_bit
0x0FCD       [0]    T1INSYNC_bit
0x0FCD       [1]    T1CON
0x0FCD       [0]    T1CKPS1_bit
0x0FCD       [0]    T1CKPS0_bit
0x0FCD       [0]    RD16_bit
0x0FCE       [1]    TMR1L
0x0FCF       [1]    TMR1H
0x0FD0       [0]    NOT_BOR_bit
0x0FD0       [0]    BOR_bit
0x0FD0       [1]    RCON
0x0FD0       [0]    POR_bit
0x0FD0       [0]    NOT_PD_bit
0x0FD0       [0]    PD_bit
0x0FD0       [0]    NOT_POR_bit
0x0FD0       [0]    RI_bit
0x0FD0       [0]    NOT_TO_bit
0x0FD0       [0]    IPEN_bit
0x0FD0       [0]    NOT_RI_bit
0x0FD0       [0]    TO__bit
0x0FD1       [0]    SWDTE_bit
0x0FD1       [0]    SWDTEN_bit
0x0FD1       [1]    WDTCON
0x0FD2       [0]    LVDL2_bit
0x0FD2       [0]    LVDL3_bit
0x0FD2       [0]    LVDEN_bit
0x0FD2       [0]    IRVST_bit
0x0FD2       [0]    LVDL1_bit
0x0FD2       [1]    LVDCON
0x0FD2       [0]    LVDL0_bit
0x0FD3       [0]    SCS_bit
0x0FD3       [1]    OSCCON
0x0FD5       [0]    T0SE_bit
0x0FD5       [0]    PSA_bit
0x0FD5       [0]    T08BIT_bit
0x0FD5       [0]    T0CS_bit
0x0FD5       [0]    T0PS0_bit
0x0FD5       [1]    T0CON
0x0FD5       [0]    T0PS2_bit
0x0FD5       [0]    T0PS1_bit
0x0FD5       [0]    TMR0ON_bit
0x0FD6       [1]    TMR0L
0x0FD7       [1]    TMR0H
0x0FD8       [0]    N_bit
0x0FD8       [1]    STATUS
0x0FD8       [0]    DC_bit
0x0FD8       [0]    C_bit
0x0FD8       [0]    OV_bit
0x0FD8       [0]    Z_bit
0x0FD9       [1]    FSR2L
0x0FD9       [2]    FSR2PTR
0x0FD9       [2]    FSR2
0x0FDA       [1]    FSR2H
0x0FDB       [1]    PLUSW2
0x0FDC       [1]    PREINC2
0x0FDD       [1]    POSTDEC2
0x0FDE       [1]    POSTINC2
0x0FDF       [1]    INDF2
0x0FE0       [1]    BSR
0x0FE1       [2]    FSR1PTR
0x0FE1       [2]    FSR1
0x0FE1       [1]    FSR1L
0x0FE2       [1]    FSR1H
0x0FE3       [1]    PLUSW1
0x0FE4       [1]    PREINC1
0x0FE5       [1]    POSTDEC1
0x0FE6       [1]    POSTINC1
0x0FE7       [1]    INDF1
0x0FE8       [1]    WREG
0x0FE9       [1]    FSR0L
0x0FE9       [2]    FSR0PTR
0x0FE9       [2]    FSR0
0x0FEA       [1]    FSR0H
0x0FEB       [1]    PLUSW0
0x0FEC       [1]    PREINC0
0x0FED       [1]    POSTDEC0
0x0FEE       [1]    POSTINC0
0x0FEF       [1]    INDF0
0x0FF0       [0]    INT2IF_bit
0x0FF0       [0]    INT1IF_bit
0x0FF0       [0]    INT2IE_bit
0x0FF0       [0]    INT1IE_bit
0x0FF0       [0]    INT1IP_bit
0x0FF0       [0]    INT2IP_bit
0x0FF0       [1]    INTCON3
0x0FF1       [0]    TMR0IP_bit
0x0FF1       [0]    INTEDG2_bit
0x0FF1       [0]    INTEDG0_bit
0x0FF1       [0]    INTEDG1_bit
0x0FF1       [0]    T0IP_bit
0x0FF1       [0]    RBPU_bit
0x0FF1       [0]    NOT_RBPU_bit
0x0FF1       [0]    RBIP_bit
0x0FF1       [1]    INTCON2
0x0FF2       [1]    INTCON1
0x0FF2       [1]    INTCON
0x0FF2       [0]    T0IE_bit
0x0FF2       [0]    TMR0IE_bit
0x0FF2       [0]    GIEH_bit
0x0FF2       [0]    PEIE_bit
0x0FF2       [0]    GIEL_bit
0x0FF2       [0]    GIE_bit
0x0FF2       [0]    INT0F_bit
0x0FF2       [0]    RBIF_bit
0x0FF2       [0]    INT0IF_bit
0x0FF2       [0]    T0IF_bit
0x0FF2       [0]    INT0E_bit
0x0FF2       [0]    INT0IE_bit
0x0FF2       [0]    TMR0IF_bit
0x0FF2       [0]    RBIE_bit
0x0FF3       [1]    PRODL
0x0FF4       [1]    PRODH
0x0FF5       [1]    TABLAT
0x0FF6       [1]    TBLPTRL
0x0FF7       [1]    TBLPTRH
0x0FF8       [0]    TBLPTRU3_bit
0x0FF8       [0]    TBLPTRU2_bit
0x0FF8       [0]    TBLPTRU4_bit
0x0FF8       [0]    ACSS_bit
0x0FF8       [1]    TBLPTRU
0x0FF8       [0]    TBLPTRU0_bit
0x0FF8       [0]    TBLPTRU1_bit
0x0FF9       [1]    PCL
0x0FFA       [1]    PCLATH
0x0FFB       [0]    PCU1_bit
0x0FFB       [0]    PCU0_bit
0x0FFB       [1]    PCLATU
0x0FFB       [0]    PCU4_bit
0x0FFB       [0]    PCU3_bit
0x0FFB       [0]    PCU2_bit
0x0FFC       [0]    STKFUL_bit
0x0FFC       [0]    STKUNF_bit
0x0FFC       [1]    STKPTR
0x0FFD       [1]    TOSL
0x0FFE       [1]    TOSH
0x0FFF       [1]    TOSU
//** Constants locations ** 
//ADDRESS    SIZE    CONSTANT
//----------------------------------------------
0x08BC       [2]    ?ICS_Y
0x08BE       [2]    ?ICS_ZE
0x08C0       [6]    ?ICS?lstr2_impressora3d
0x08C6       [2]    ?ICS_X
0x08C8       [2]    ?ICS_Xatual
0x08CA       [2]    ?ICS_Yatual
0x08CC       [2]    ?ICS_Zatual
0x08CE       [2]    ?ICS?lstr3_impressora3d
0x08D0       [3]    ?ICS?lstr4_impressora3d
0x08D3       [2]    ?ICS?lstr1_impressora3d
0x08D5       [2]    ?ICS_Ztarget
0x08D7       [1]    ?ICS_broca
0x08D8       [2]    ?ICS_Xtarget
0x08DA       [2]    ?ICS_Ytarget
//** Label List: ** 
//----------------------------------------------
  L_Send0
  L_Send1
  L_protocol2
  L_protocol3
  L_protocol4
  L_protocol5
  L_protocol6
  L_protocol7
  L_protocol8
  L_main9
  L_main10
  L_main11
  L_main12
  L_main13
  L_main14
  L_main15
  L_main16
  L_main17
  L_main18
  L_main19
  L_main20
  L_main21
  L_main22
  L_main23
  L_main24
  L_main25
  L_main26
  L_main27
  L_main28
  L_main29
  L_main30
  L_main31
  L_main32
  L_main33
  L_main34
  L_main35
  L_main36
  L_main37
  _Send
  _protocol
  _main
  L__main38
  L__main39
  L__main40
  L__main41
  L__main42
  L__main43
  L__main44
  L__main45
  L__main46
  L__main47
  L__main48
  L__main49
  L__main50
  L__main51
  L__main52
  L_abs0
  L___Lib_CStdlib_strtod1
  L___Lib_CStdlib_strtod2
  L___Lib_CStdlib_strtod3
  L___Lib_CStdlib_strtod4
  L___Lib_CStdlib_strtod5
  L___Lib_CStdlib_strtod6
  L___Lib_CStdlib_strtod7
  L___Lib_CStdlib_strtod8
  L___Lib_CStdlib_strtod9
  L___Lib_CStdlib_strtod10
  L___Lib_CStdlib_strtod11
  L___Lib_CStdlib_strtod12
  L___Lib_CStdlib_strtod13
  L___Lib_CStdlib_strtod14
  L___Lib_CStdlib_strtod15
  L___Lib_CStdlib_strtod16
  L___Lib_CStdlib_strtod17
  L___Lib_CStdlib_strtod18
  L___Lib_CStdlib_strtod19
  L___Lib_CStdlib_strtod20
  L___Lib_CStdlib_strtod21
  L___Lib_CStdlib_strtod22
  L___Lib_CStdlib_strtod23
  L___Lib_CStdlib_strtod24
  L___Lib_CStdlib_strtod25
  L___Lib_CStdlib_strtod26
  L___Lib_CStdlib_strtod27
  L___Lib_CStdlib_strtod28
  L___Lib_CStdlib_strtod29
  L___Lib_CStdlib_strtod30
  L___Lib_CStdlib_strtod31
  L___Lib_CStdlib_strtod32
  L___Lib_CStdlib_strtod33
  L___Lib_CStdlib_strtod34
  L___Lib_CStdlib_strtod35
  L___Lib_CStdlib_strtod36
  L___Lib_CStdlib_strtod37
  L___Lib_CStdlib_strtod38
  L___Lib_CStdlib_strtod39
  L___Lib_CStdlib_strtod40
  L___Lib_CStdlib_strtod41
  L___Lib_CStdlib_strtod42
  L___Lib_CStdlib_strtod43
  L___Lib_CStdlib_strtod44
  L___Lib_CStdlib_strtod45
  L___Lib_CStdlib_strtod46
  L___Lib_CStdlib_strtod47
  L___Lib_CStdlib_strtod48
  L___Lib_CStdlib_strtod49
  L___Lib_CStdlib_strtod50
  L___Lib_CStdlib_strtod51
  L___Lib_CStdlib_strtod52
  ___atoi_skipws_atoi
  L_atoi53
  L_atoi54
  L_atoi55
  L_atoi56
  L_atoi57
  L_atoi58
  ___atoi_conv_atoi
  L_atoi59
  L_atoi60
  ___atol_skipws_atol
  L_atol61
  L_atol62
  L_atol63
  L_atol64
  L_atol65
  L_atol66
  ___atol_conv_atol
  L_atol67
  L_atol68
  L_div69
  L_ldiv70
  L_uldiv71
  L_labs72
  L_max73
  L_min74
  L_rand75
  L_xtoi76
  L_xtoi77
  L_xtoi78
  L_xtoi79
  L_xtoi80
  L_xtoi81
  L_xtoi82
  L_xtoi83
  L_xtoi84
  L_xtoi85
  L_xtoi86
  L___Lib_CStdlib_strtod87
  L___Lib_CStdlib_strtod88
  L___Lib_CStdlib_strtod89
  L__atoi90
  L__atol91
  _abs
  L__abs92
  __Lib_CStdlib_strtod
  L___Lib_CStdlib_strtod93
  L___Lib_CStdlib_strtod94
  L___Lib_CStdlib_strtod95
  _atof
  _atoi
  L__atoi96
  L__atoi97
  L__atoi98
  L__atoi99
  _atol
  L__atol100
  L__atol101
  _div
  _ldiv
  _uldiv
  _labs
  L__labs102
  _max
  L__max103
  _min
  L__min104
  _srand
  _rand
  _xtoi
  L_memchr0
  L_memchr1
  L_memchr2
  L_memchr3
  L_memcmp4
  L_memcmp5
  L_memcmp6
  L_memcpy7
  L_memcpy8
  L_memmove9
  L_memmove10
  L_memmove11
  L_memmove12
  L_memmove13
  L_memmove14
  L_memmove15
  L_memmove16
  L_memmove17
  L_memset18
  L_memset19
  L_strcat20
  L_strcat21
  L_strcat22
  L_strcat23
  L_strchr24
  L_strchr25
  L_strchr26
  L_strcmp27
  L_strcmp28
  L_strcmp29
  L_strcmp30
  L_strcpy31
  L_strcpy32
  L_strlen33
  L_strlen34
  L_strncat35
  L_strncat36
  L_strncat37
  L_strncat38
  L_strncat39
  L_strncat40
  L_strncat41
  L_strncpy42
  L_strncpy43
  L_strncpy44
  L_strncpy45
  L_strncpy46
  L_strspn47
  L_strspn48
  L_strspn49
  L_strspn50
  L_strcspn51
  L_strcspn52
  L_strcspn53
  L_strcspn54
  L_strncmp55
  L_strncmp56
  L_strncmp57
  L_strncmp58
  L_strncmp59
  L_strpbrk60
  L_strpbrk61
  L_strpbrk62
  L_strrchr63
  L_strrchr64
  L_strrchr65
  L_strstr66
  L_strstr67
  L_strstr68
  L_strstr69
  L_strstr70
  L__memmove71
  L__strcmp72
  L__strncat73
  L__strspn74
  L__strcspn75
  L__strncmp76
  L__strstr77
  _memchr
  _memcmp
  L__memcmp78
  _memcpy
  _memmove
  L__memmove79
  L__memmove80
  _memset
  _strcat
  _strchr
  _strcmp
  _strcpy
  _strlen
  _strncat
  L__strncat81
  _strncpy
  _strspn
  L__strspn82
  _strcspn
  L__strcspn83
  _strncmp
  _strpbrk
  _strrchr
  L__strrchr84
  _strstr
  L__strstr85
  L__strstr86
  L_islower0
  L_islower1
  L_isupper2
  L_isupper3
  L_isalpha4
  L_isalpha5
  L_iscntrl6
  L_iscntrl7
  L_isdigit8
  L_isdigit9
  L_isalnum10
  L_isalnum11
  L_isspace12
  L_isspace13
  L_isspace14
  L_isspace15
  L_ispunct16
  L_ispunct17
  L_ispunct18
  L_ispunct19
  L_ispunct20
  L_ispunct21
  L_ispunct22
  L_ispunct23
  L_isgraph24
  L_isgraph25
  L_isxdigit26
  L_isxdigit27
  L_isxdigit28
  L_isxdigit29
  L_tolower30
  L_tolower31
  L_tolower32
  L_toupper33
  L_toupper34
  L_toupper35
  L__isspace36
  L__tolower37
  L__toupper38
  _islower
  _isupper
  _isalpha
  _iscntrl
  _isdigit
  _isalnum
  _isspace
  _ispunct
  _isgraph
  _isxdigit
  _tolower
  _toupper
  LOOPS3232A
  SADD22LA
  SOK22LA
  SADD22L8
  SOK22L8
  LOOPS3232B
  SADD22LB
  SOK22LB
  SADD22L16
  SOK22L16
  LOOPS3232C
  SADD22LC
  SOK22LC
  SADD22L24
  SOK22L24
  LOOPS3232D
  SADD22LD
  SOK22LD
  SOK22L
  FXD3232S
  END_ALL
  CA3232S
  C3232SX
  C3232SX1
  C3232S
  C3232S2
  C3232SX4
  C3232SOK
  C3232SX3
  C3232SX2
  avoid_comfrem
  LOOPU3232A
  UADD22LA
  UOK22LA
  UADD22L8
  UOK22L8
  LOOPU3232B
  UADD22LB
  UOK22LB
  UADD22L16
  UOK22L16
  LOOPU3232C
  UADD22LC
  UOK22LC
  UADD22L24
  UOK22L24
  LOOPU3232D
  UADD22LD
  UOK22LD
  UOK22L
  _NEXT
  _EXIT2
  _LOOP
  _EXIT1
  _IF_FIRST
  _IF_SECOND
  _INVERCE_FIRST
  _MULT
  _INBERSE_SECOND
  _EXIT
  _Div_8x8_U
  _Div_16x16_U
  _Div_16x16_S_L
  _Div_16x16_S
  _Div_8x8_S
  _Mul_8x8_S
  _Mul_16x16_U
  _Mul_16x16_S
  _SDIV3232L
  _COMFREM
  _Div_32x32_S
  _Div_32x32_U
  _Mul_32x32_U
  _Mul_32x32_S
  _CC2D_Loop1
  _CC2DL_Loop1
  L_longjmp2
  ___CC2D
  ___CC2DW
  _____DoIFC
  _setjmp
  _longjmp
  L_UART1_Init0
  L_UART1_Init1
  L_UART1_Read2
  L_UART1_Write3
  L_UART1_Write4
  L_UART1_Write_Text5
  L_UART1_Write_Text6
  L_UART1_Read_Text7
  L_UART1_Read_Text8
  L_UART1_Read_Text9
  L_UART1_Read_Text10
  L_UART1_Read_Text11
  L_UART1_Read_Text12
  L_UART1_Read_Text13
  L_UART1_Read_Text14
  _UART1_Init
  _UART1_Data_Ready
  _UART1_Read
  _UART1_Tx_Idle
  _UART1_Write
  _UART1_Write_Text
  _UART1_Read_Text
  _UART_Set_Active
